[ 2016-10-08T15:02:30+08:00 ] ::1 /51ccnew/index.php/Home/Index/index.html
INFO: [ app_init ] --START--
INFO: Run Behavior\BuildLiteBehavior [ RunTime:0.000000s ]
INFO: [ app_init ] --END-- [ RunTime:0.001000s ]
INFO: [ app_begin ] --START--
INFO: Run Behavior\ReadHtmlCacheBehavior [ RunTime:0.001000s ]
INFO: [ app_begin ] --END-- [ RunTime:0.001000s ]
SQL: SHOW COLUMNS FROM `tb_order_supply` [ RunTime:0.0200s ]
SQL: call p_ordersupply(3) [ RunTime:0.1950s ]
SQL: SHOW COLUMNS FROM `tb_order_purchase` [ RunTime:0.0200s ]
SQL: call p_orderpurchase(5) [ RunTime:0.0220s ]
INFO: [ view_parse ] --START--
INFO: [ template_filter ] --START--
INFO: Run Behavior\ContentReplaceBehavior [ RunTime:0.003001s ]
INFO: [ template_filter ] --END-- [ RunTime:0.003001s ]
INFO: Run Behavior\ParseTemplateBehavior [ RunTime:0.228013s ]
INFO: [ view_parse ] --END-- [ RunTime:0.229013s ]
INFO: [ view_filter ] --START--
INFO: Run Behavior\WriteHtmlCacheBehavior [ RunTime:0.026002s ]
INFO: [ view_filter ] --END-- [ RunTime:0.026002s ]
INFO: [ app_end ] --START--
INFO: Run Behavior\ShowPageTraceBehavior [ RunTime:0.044002s ]
INFO: [ app_end ] --END-- [ RunTime:0.044002s ]

[ 2016-10-08T15:02:30+08:00 ] ::1 /51ccnew/index.php/Home/wpa.qq.com/pa@p=2_3A3115678895_3A51
INFO: [ app_init ] --START--
INFO: Run Behavior\BuildLiteBehavior [ RunTime:0.000000s ]
INFO: [ app_init ] --END-- [ RunTime:0.000000s ]
INFO: [ app_begin ] --START--
INFO: Run Behavior\ReadHtmlCacheBehavior [ RunTime:0.001000s ]
INFO: [ app_begin ] --END-- [ RunTime:0.001000s ]
ERR: 无法加载控制器:Wpa.qq.com

[ 2016-10-08T15:02:32+08:00 ] ::1 /51ccnew/index.php/Home/User/login.html
INFO: [ app_init ] --START--
INFO: Run Behavior\BuildLiteBehavior [ RunTime:0.000000s ]
INFO: [ app_init ] --END-- [ RunTime:0.000000s ]
INFO: [ app_begin ] --START--
INFO: Run Behavior\ReadHtmlCacheBehavior [ RunTime:0.000000s ]
INFO: [ app_begin ] --END-- [ RunTime:0.000000s ]
INFO: [ view_parse ] --START--
INFO: [ template_filter ] --START--
INFO: Run Behavior\ContentReplaceBehavior [ RunTime:0.000000s ]
INFO: [ template_filter ] --END-- [ RunTime:0.000000s ]
INFO: Run Behavior\ParseTemplateBehavior [ RunTime:0.054003s ]
INFO: [ view_parse ] --END-- [ RunTime:0.054003s ]
INFO: [ view_filter ] --START--
INFO: Run Behavior\WriteHtmlCacheBehavior [ RunTime:0.000000s ]
INFO: [ view_filter ] --END-- [ RunTime:0.000000s ]
INFO: [ app_end ] --START--
INFO: Run Behavior\ShowPageTraceBehavior [ RunTime:0.000000s ]
INFO: [ app_end ] --END-- [ RunTime:0.000000s ]

[ 2016-10-08T15:02:43+08:00 ] ::1 /51ccnew/index.php/Home/User/login_bgd.html
INFO: [ app_init ] --START--
INFO: Run Behavior\BuildLiteBehavior [ RunTime:0.000000s ]
INFO: [ app_init ] --END-- [ RunTime:0.001000s ]
INFO: [ app_begin ] --START--
INFO: Run Behavior\ReadHtmlCacheBehavior [ RunTime:0.002000s ]
INFO: [ app_begin ] --END-- [ RunTime:0.002000s ]
SQL: SHOW COLUMNS FROM `tb_user` [ RunTime:0.0200s ]
SQL: SELECT `userid`,`phone`,`username`,`nickname`,`logintimes` FROM `tb_user` WHERE ( phone='18235100872' and userpwd='e99a18c428cb38d5f260853678922e03' )  [ RunTime:0.0200s ]
SQL: UPDATE `tb_user` SET `logintimes`='13',`lastlogin`='2016-10-08 15:02:43' WHERE `userid` = 16 [ RunTime:0.0320s ]

[ 2016-10-08T15:02:45+08:00 ] ::1 /51ccnew/index.php/Home/User/member.html
INFO: [ app_init ] --START--
INFO: Run Behavior\BuildLiteBehavior [ RunTime:0.000000s ]
INFO: [ app_init ] --END-- [ RunTime:0.000000s ]
INFO: [ app_begin ] --START--
INFO: Run Behavior\ReadHtmlCacheBehavior [ RunTime:0.001000s ]
INFO: [ app_begin ] --END-- [ RunTime:0.001000s ]
INFO: [ view_parse ] --START--
INFO: [ template_filter ] --START--
INFO: Run Behavior\ContentReplaceBehavior [ RunTime:0.001000s ]
INFO: [ template_filter ] --END-- [ RunTime:0.001000s ]
INFO: Run Behavior\ParseTemplateBehavior [ RunTime:0.016001s ]
INFO: [ view_parse ] --END-- [ RunTime:0.017001s ]
INFO: [ view_filter ] --START--
INFO: Run Behavior\WriteHtmlCacheBehavior [ RunTime:0.001000s ]
INFO: [ view_filter ] --END-- [ RunTime:0.001000s ]
INFO: [ app_end ] --START--
INFO: Run Behavior\ShowPageTraceBehavior [ RunTime:0.000000s ]
INFO: [ app_end ] --END-- [ RunTime:0.001000s ]

[ 2016-10-08T15:02:53+08:00 ] ::1 /51ccnew/index.php/Home/Purchase/purchaseadd.html
INFO: [ app_init ] --START--
INFO: Run Behavior\BuildLiteBehavior [ RunTime:0.000000s ]
INFO: [ app_init ] --END-- [ RunTime:0.001000s ]
INFO: [ app_begin ] --START--
INFO: Run Behavior\ReadHtmlCacheBehavior [ RunTime:0.002000s ]
INFO: [ app_begin ] --END-- [ RunTime:0.002000s ]
SQL: SHOW COLUMNS FROM `tb_mm_variety` [ RunTime:0.0200s ]
SQL: SELECT `varietyid`,`varietyname` FROM `tb_mm_variety` WHERE ( delstatus=0 )  [ RunTime:0.0180s ]
SQL: SHOW COLUMNS FROM `tb_mm_grade` [ RunTime:0.0190s ]
SQL: select g.varietyid,v.varietyname,g.gradeid,g.gradename from tb_mm_grade g inner join tb_mm_variety v on g.varietyid=v.varietyid where g.delstatus=0 order by g.gradeid [ RunTime:0.0210s ]
SQL: SHOW COLUMNS FROM `tb_manufacturer` [ RunTime:0.0190s ]
SQL: SELECT `factoryid`,`factoryname` FROM `tb_manufacturer` WHERE ( delstatus=0 )  [ RunTime:0.0190s ]
SQL: SHOW COLUMNS FROM `tb_mm_specification` [ RunTime:0.0190s ]
SQL: SELECT `specid`,`specname` FROM `tb_mm_specification` WHERE ( delstatus=0 )  [ RunTime:0.0190s ]
SQL: SHOW COLUMNS FROM `tb_mm_claddingmaterial` [ RunTime:0.0190s ]
SQL: SELECT `claddingid`,`claddingname` FROM `tb_mm_claddingmaterial` WHERE ( delstatus=0 )  [ RunTime:0.0190s ]
SQL: SHOW COLUMNS FROM `tb_mm_unit` [ RunTime:0.0200s ]
SQL: SELECT `unitid`,`unitname`,`raw` FROM `tb_mm_unit` WHERE ( delstatus=0 )  [ RunTime:0.0190s ]
INFO: [ view_parse ] --START--
INFO: [ template_filter ] --START--
INFO: Run Behavior\ContentReplaceBehavior [ RunTime:0.001000s ]
INFO: [ template_filter ] --END-- [ RunTime:0.001000s ]
INFO: Run Behavior\ParseTemplateBehavior [ RunTime:0.052003s ]
INFO: [ view_parse ] --END-- [ RunTime:0.053003s ]
INFO: [ view_filter ] --START--
INFO: Run Behavior\WriteHtmlCacheBehavior [ RunTime:0.001000s ]
INFO: [ view_filter ] --END-- [ RunTime:0.001000s ]
INFO: [ app_end ] --START--
INFO: Run Behavior\ShowPageTraceBehavior [ RunTime:0.002000s ]
INFO: [ app_end ] --END-- [ RunTime:0.002000s ]

[ 2016-10-08T15:02:58+08:00 ] ::1 /51ccnew/index.php/Home/Purchase/purchaseadd.html
INFO: [ app_init ] --START--
INFO: Run Behavior\BuildLiteBehavior [ RunTime:0.000000s ]
INFO: [ app_init ] --END-- [ RunTime:0.001000s ]
INFO: [ app_begin ] --START--
INFO: Run Behavior\ReadHtmlCacheBehavior [ RunTime:0.001000s ]
INFO: [ app_begin ] --END-- [ RunTime:0.001000s ]
SQL: SHOW COLUMNS FROM `tb_mm_variety` [ RunTime:0.0190s ]
SQL: SELECT `varietyid`,`varietyname` FROM `tb_mm_variety` WHERE ( delstatus=0 )  [ RunTime:0.0190s ]
SQL: SHOW COLUMNS FROM `tb_mm_grade` [ RunTime:0.0200s ]
SQL: select g.varietyid,v.varietyname,g.gradeid,g.gradename from tb_mm_grade g inner join tb_mm_variety v on g.varietyid=v.varietyid where g.delstatus=0 order by g.gradeid [ RunTime:0.0210s ]
SQL: SHOW COLUMNS FROM `tb_manufacturer` [ RunTime:0.0190s ]
SQL: SELECT `factoryid`,`factoryname` FROM `tb_manufacturer` WHERE ( delstatus=0 )  [ RunTime:0.0190s ]
SQL: SHOW COLUMNS FROM `tb_mm_specification` [ RunTime:0.0200s ]
SQL: SELECT `specid`,`specname` FROM `tb_mm_specification` WHERE ( delstatus=0 )  [ RunTime:0.0200s ]
SQL: SHOW COLUMNS FROM `tb_mm_claddingmaterial` [ RunTime:0.0200s ]
SQL: SELECT `claddingid`,`claddingname` FROM `tb_mm_claddingmaterial` WHERE ( delstatus=0 )  [ RunTime:0.0200s ]
SQL: SHOW COLUMNS FROM `tb_mm_unit` [ RunTime:0.0190s ]
SQL: SELECT `unitid`,`unitname`,`raw` FROM `tb_mm_unit` WHERE ( delstatus=0 )  [ RunTime:0.0190s ]
INFO: [ view_parse ] --START--
INFO: [ template_filter ] --START--
INFO: Run Behavior\ContentReplaceBehavior [ RunTime:0.000000s ]
INFO: [ template_filter ] --END-- [ RunTime:0.001000s ]
INFO: Run Behavior\ParseTemplateBehavior [ RunTime:0.020001s ]
INFO: [ view_parse ] --END-- [ RunTime:0.020001s ]
INFO: [ view_filter ] --START--
INFO: Run Behavior\WriteHtmlCacheBehavior [ RunTime:0.001000s ]
INFO: [ view_filter ] --END-- [ RunTime:0.001000s ]
INFO: [ app_end ] --START--
INFO: Run Behavior\ShowPageTraceBehavior [ RunTime:0.001000s ]
INFO: [ app_end ] --END-- [ RunTime:0.001000s ]

[ 2016-10-08T15:03:49+08:00 ] ::1 /51ccnew/index.php/Home/Base/gradelist.html
INFO: [ app_init ] --START--
INFO: Run Behavior\BuildLiteBehavior [ RunTime:0.000000s ]
INFO: [ app_init ] --END-- [ RunTime:0.001000s ]
INFO: [ app_begin ] --START--
INFO: Run Behavior\ReadHtmlCacheBehavior [ RunTime:0.001000s ]
INFO: [ app_begin ] --END-- [ RunTime:0.001000s ]
SQL: SHOW COLUMNS FROM `tb_mm_grade` [ RunTime:0.0200s ]
SQL: select gradeid,gradename from tb_mm_grade g where g.varietyid=4 and g.delstatus=0 order by g.gradeid [ RunTime:0.0190s ]

[ 2016-10-08T15:03:51+08:00 ] ::1 /51ccnew/index.php/Home/Base/gradelist.html
INFO: [ app_init ] --START--
INFO: Run Behavior\BuildLiteBehavior [ RunTime:0.000000s ]
INFO: [ app_init ] --END-- [ RunTime:0.001000s ]
INFO: [ app_begin ] --START--
INFO: Run Behavior\ReadHtmlCacheBehavior [ RunTime:0.001000s ]
INFO: [ app_begin ] --END-- [ RunTime:0.001000s ]
SQL: SHOW COLUMNS FROM `tb_mm_grade` [ RunTime:0.0200s ]
SQL: select gradeid,gradename from tb_mm_grade g where g.varietyid=6 and g.delstatus=0 order by g.gradeid [ RunTime:0.0190s ]

[ 2016-10-08T15:03:54+08:00 ] ::1 /51ccnew/index.php/Home/Base/gradelist.html
INFO: [ app_init ] --START--
INFO: Run Behavior\BuildLiteBehavior [ RunTime:0.000000s ]
INFO: [ app_init ] --END-- [ RunTime:0.001000s ]
INFO: [ app_begin ] --START--
INFO: Run Behavior\ReadHtmlCacheBehavior [ RunTime:0.001000s ]
INFO: [ app_begin ] --END-- [ RunTime:0.001000s ]
SQL: SHOW COLUMNS FROM `tb_mm_grade` [ RunTime:0.0190s ]
SQL: select gradeid,gradename from tb_mm_grade g where g.varietyid=7 and g.delstatus=0 order by g.gradeid [ RunTime:0.0190s ]

[ 2016-10-08T15:03:56+08:00 ] ::1 /51ccnew/index.php/Home/Base/gradelist.html
INFO: [ app_init ] --START--
INFO: Run Behavior\BuildLiteBehavior [ RunTime:0.000000s ]
INFO: [ app_init ] --END-- [ RunTime:0.001000s ]
INFO: [ app_begin ] --START--
INFO: Run Behavior\ReadHtmlCacheBehavior [ RunTime:0.002000s ]
INFO: [ app_begin ] --END-- [ RunTime:0.002000s ]
SQL: SHOW COLUMNS FROM `tb_mm_grade` [ RunTime:0.0200s ]
SQL: select gradeid,gradename from tb_mm_grade g where g.varietyid=1 and g.delstatus=0 order by g.gradeid [ RunTime:0.0210s ]

[ 2016-10-08T15:06:20+08:00 ] ::1 /51ccnew/index.php/Home/Base/gradelist.html
INFO: [ app_init ] --START--
INFO: Run Behavior\BuildLiteBehavior [ RunTime:0.000000s ]
INFO: [ app_init ] --END-- [ RunTime:0.001000s ]
INFO: [ app_begin ] --START--
INFO: Run Behavior\ReadHtmlCacheBehavior [ RunTime:0.001000s ]
INFO: [ app_begin ] --END-- [ RunTime:0.001000s ]
SQL: SHOW COLUMNS FROM `tb_mm_grade` [ RunTime:0.0190s ]
SQL: select gradeid,gradename from tb_mm_grade g where g.varietyid=9 and g.delstatus=0 order by g.gradeid [ RunTime:0.0190s ]

[ 2016-10-08T15:07:28+08:00 ] ::1 /51ccnew/index.php/Home/Purchase/purchaseadd_bgd.html
INFO: [ app_init ] --START--
INFO: Run Behavior\BuildLiteBehavior [ RunTime:0.000000s ]
INFO: [ app_init ] --END-- [ RunTime:0.001000s ]
INFO: [ app_begin ] --START--
INFO: Run Behavior\ReadHtmlCacheBehavior [ RunTime:0.001000s ]
INFO: [ app_begin ] --END-- [ RunTime:0.001000s ]
SQL: SHOW COLUMNS FROM `tb_user` [ RunTime:0.0200s ]
SQL: SELECT `ordercode_purchase` FROM `tb_user` WHERE ( userid=16 ) LIMIT 1   [ RunTime:0.0200s ]
SQL: UPDATE `tb_user` SET `ordercode_purchase`='2016100815079653' WHERE `userid` = 16 [ RunTime:0.0320s ]
SQL: SHOW COLUMNS FROM `tb_order_purchase` [ RunTime:0.0200s ]
SQL: INSERT INTO `tb_order_purchase` (`ordercode`,`createdby`,`companyid`,`statusid`,`instime`,`updatetime`,`deliveryplace`,`deliverydate`,`comments`) VALUES ('2016100815079653','16','0','1','2016-10-08 15:07:28','2016-10-08 15:07:28','大同','2016-02-20','') [ RunTime:0.0190s ]
SQL: SHOW COLUMNS FROM `tb_mm_grade` [ RunTime:0.0190s ]
SQL: SELECT `gradeid` FROM `tb_mm_grade` WHERE ( gradename='料泥(水)' ) LIMIT 1   [ RunTime:0.0190s ]
SQL: SHOW COLUMNS FROM `tb_detail_purchase` [ RunTime:0.0210s ]
SQL: INSERT INTO `tb_detail_purchase` (`orderid`,`varietyid`,`gradeid`,`factoryid`,`specid`,`quantity`,`unitid`,`unitprice`,`claddingid`,`comments`,`instime`,`updatetime`,`length_diameter`,`width_aperture`,`height_thickness`) VALUES ('15','9','54','0','1','77','2','67','1','','2016-10-08 15:07:28','2016-10-08 15:07:28','22','22','22') [ RunTime:0.0400s ]

[ 2016-10-08T17:36:26+08:00 ] ::1 /51ccnew/index.php/Home/Purchase/purchaseadd.html
INFO: [ app_init ] --START--
INFO: Run Behavior\BuildLiteBehavior [ RunTime:0.001000s ]
INFO: [ app_init ] --END-- [ RunTime:0.002000s ]
INFO: [ app_begin ] --START--
INFO: Run Behavior\ReadHtmlCacheBehavior [ RunTime:0.002001s ]
INFO: [ app_begin ] --END-- [ RunTime:0.002001s ]
SQL: SHOW COLUMNS FROM `tb_mm_variety` [ RunTime:0.0180s ]
SQL: SELECT `varietyid`,`varietyname` FROM `tb_mm_variety` WHERE ( delstatus=0 )  [ RunTime:0.0200s ]
SQL: SHOW COLUMNS FROM `tb_mm_grade` [ RunTime:0.0200s ]
SQL: select g.varietyid,v.varietyname,g.gradeid,g.gradename from tb_mm_grade g inner join tb_mm_variety v on g.varietyid=v.varietyid where g.delstatus=0 order by g.gradeid [ RunTime:0.0210s ]
SQL: SHOW COLUMNS FROM `tb_manufacturer` [ RunTime:0.0190s ]
SQL: SELECT `factoryid`,`factoryname` FROM `tb_manufacturer` WHERE ( delstatus=0 )  [ RunTime:0.0200s ]
SQL: SHOW COLUMNS FROM `tb_mm_specification` [ RunTime:0.0190s ]
SQL: SELECT `specid`,`specname` FROM `tb_mm_specification` WHERE ( delstatus=0 )  [ RunTime:0.0190s ]
SQL: SHOW COLUMNS FROM `tb_mm_claddingmaterial` [ RunTime:0.0200s ]
SQL: SELECT `claddingid`,`claddingname` FROM `tb_mm_claddingmaterial` WHERE ( delstatus=0 )  [ RunTime:0.0190s ]
SQL: SHOW COLUMNS FROM `tb_mm_unit` [ RunTime:0.0200s ]
SQL: SELECT `unitid`,`unitname`,`raw` FROM `tb_mm_unit` WHERE ( delstatus=0 )  [ RunTime:0.0190s ]
INFO: [ view_parse ] --START--
INFO: [ template_filter ] --START--
INFO: Run Behavior\ContentReplaceBehavior [ RunTime:0.001000s ]
INFO: [ template_filter ] --END-- [ RunTime:0.001000s ]
INFO: Run Behavior\ParseTemplateBehavior [ RunTime:0.074004s ]
INFO: [ view_parse ] --END-- [ RunTime:0.074004s ]
INFO: [ view_filter ] --START--
INFO: Run Behavior\WriteHtmlCacheBehavior [ RunTime:0.001000s ]
INFO: [ view_filter ] --END-- [ RunTime:0.001000s ]
INFO: [ app_end ] --START--
INFO: Run Behavior\ShowPageTraceBehavior [ RunTime:0.002000s ]
INFO: [ app_end ] --END-- [ RunTime:0.002000s ]

[ 2016-10-08T17:37:00+08:00 ] ::1 /51ccnew/index.php/Home/Base/gradelist.html
INFO: [ app_init ] --START--
INFO: Run Behavior\BuildLiteBehavior [ RunTime:0.000000s ]
INFO: [ app_init ] --END-- [ RunTime:0.001000s ]
INFO: [ app_begin ] --START--
INFO: Run Behavior\ReadHtmlCacheBehavior [ RunTime:0.001000s ]
INFO: [ app_begin ] --END-- [ RunTime:0.001000s ]
SQL: SHOW COLUMNS FROM `tb_mm_grade` [ RunTime:0.0200s ]
SQL: select gradeid,gradename from tb_mm_grade g where g.varietyid=4 and g.delstatus=0 order by g.gradeid [ RunTime:0.0190s ]

[ 2016-10-08T17:37:03+08:00 ] ::1 /51ccnew/index.php/Home/Base/gradelist.html
INFO: [ app_init ] --START--
INFO: Run Behavior\BuildLiteBehavior [ RunTime:0.000000s ]
INFO: [ app_init ] --END-- [ RunTime:0.002001s ]
INFO: [ app_begin ] --START--
INFO: Run Behavior\ReadHtmlCacheBehavior [ RunTime:0.001000s ]
INFO: [ app_begin ] --END-- [ RunTime:0.001000s ]
SQL: SHOW COLUMNS FROM `tb_mm_grade` [ RunTime:0.0190s ]
SQL: select gradeid,gradename from tb_mm_grade g where g.varietyid=9 and g.delstatus=0 order by g.gradeid [ RunTime:0.0200s ]

[ 2016-10-08T17:38:38+08:00 ] ::1 /51ccnew/index.php/Home/Purchase/purchaseadd_bgd.html
INFO: [ app_init ] --START--
INFO: Run Behavior\BuildLiteBehavior [ RunTime:0.000000s ]
INFO: [ app_init ] --END-- [ RunTime:0.001000s ]
INFO: [ app_begin ] --START--
INFO: Run Behavior\ReadHtmlCacheBehavior [ RunTime:0.001001s ]
INFO: [ app_begin ] --END-- [ RunTime:0.001001s ]
SQL: SHOW COLUMNS FROM `tb_user` [ RunTime:0.0200s ]
SQL: SELECT `ordercode_purchase` FROM `tb_user` WHERE ( userid=0 ) LIMIT 1   [ RunTime:0.0190s ]
SQL: UPDATE `tb_user` SET `ordercode_purchase`='2016100817382585' WHERE `userid` = 0 [ RunTime:0.0240s ]
NOTIC: [8] Undefined index: deliveryplace E:\phpStudy_new\WWW\51ccnew\magnetic\Home\Controller\PurchaseController.class.php 第 121 行.
NOTIC: [8] Undefined index: deliverydate E:\phpStudy_new\WWW\51ccnew\magnetic\Home\Controller\PurchaseController.class.php 第 122 行.
NOTIC: [8] Undefined index: comments E:\phpStudy_new\WWW\51ccnew\magnetic\Home\Controller\PurchaseController.class.php 第 123 行.
SQL: SHOW COLUMNS FROM `tb_order_purchase` [ RunTime:0.0210s ]
ERR: 1048:Column 'deliveryplace' cannot be null
 [ SQL语句 ] : INSERT INTO `tb_order_purchase` (`ordercode`,`createdby`,`companyid`,`statusid`,`instime`,`updatetime`,`deliveryplace`,`deliverydate`,`comments`) VALUES ('2016100817382585','0','0','1','2016-10-08 17:38:38','2016-10-08 17:38:38',NULL,NULL,NULL)
ERR: 1048:Column 'deliveryplace' cannot be null
 [ SQL语句 ] : INSERT INTO `tb_order_purchase` (`ordercode`,`createdby`,`companyid`,`statusid`,`instime`,`updatetime`,`deliveryplace`,`deliverydate`,`comments`) VALUES ('2016100817382585','0','0','1','2016-10-08 17:38:38','2016-10-08 17:38:38',NULL,NULL,NULL)

[ 2016-10-08T17:40:52+08:00 ] ::1 /51ccnew/index.php/Home/Purchase/purchaseadd_bgd.html
INFO: [ app_init ] --START--
INFO: Run Behavior\BuildLiteBehavior [ RunTime:0.000000s ]
INFO: [ app_init ] --END-- [ RunTime:0.000000s ]
INFO: [ app_begin ] --START--
INFO: Run Behavior\ReadHtmlCacheBehavior [ RunTime:0.000000s ]
INFO: [ app_begin ] --END-- [ RunTime:0.000000s ]
SQL: SHOW COLUMNS FROM `tb_user` [ RunTime:0.0200s ]
SQL: SELECT `ordercode_purchase` FROM `tb_user` WHERE ( userid=0 ) LIMIT 1   [ RunTime:0.0200s ]
NOTIC: [8] Undefined index: deliveryplace E:\phpStudy_new\WWW\51ccnew\magnetic\Home\Controller\PurchaseController.class.php 第 121 行.
NOTIC: [8] Undefined index: deliverydate E:\phpStudy_new\WWW\51ccnew\magnetic\Home\Controller\PurchaseController.class.php 第 122 行.
NOTIC: [8] Undefined index: comments E:\phpStudy_new\WWW\51ccnew\magnetic\Home\Controller\PurchaseController.class.php 第 123 行.
SQL: SHOW COLUMNS FROM `tb_order_purchase` [ RunTime:0.0190s ]
ERR: 1048:Column 'deliveryplace' cannot be null
 [ SQL语句 ] : INSERT INTO `tb_order_purchase` (`ordercode`,`createdby`,`companyid`,`statusid`,`instime`,`updatetime`,`deliveryplace`,`deliverydate`,`comments`) VALUES ('2016100817382585','0','0','1','2016-10-08 17:40:52','2016-10-08 17:40:52',NULL,NULL,NULL)
ERR: 1048:Column 'deliveryplace' cannot be null
 [ SQL语句 ] : INSERT INTO `tb_order_purchase` (`ordercode`,`createdby`,`companyid`,`statusid`,`instime`,`updatetime`,`deliveryplace`,`deliverydate`,`comments`) VALUES ('2016100817382585','0','0','1','2016-10-08 17:40:52','2016-10-08 17:40:52',NULL,NULL,NULL)

[ 2016-10-08T17:44:38+08:00 ] ::1 /51ccnew/index.php/Home/Purchase/purchaseadd.html
INFO: [ app_init ] --START--
INFO: Run Behavior\BuildLiteBehavior [ RunTime:0.001001s ]
INFO: [ app_init ] --END-- [ RunTime:0.001001s ]
INFO: [ app_begin ] --START--
INFO: Run Behavior\ReadHtmlCacheBehavior [ RunTime:0.001000s ]
INFO: [ app_begin ] --END-- [ RunTime:0.001000s ]
SQL: SHOW COLUMNS FROM `tb_mm_variety` [ RunTime:0.0250s ]
SQL: SELECT `varietyid`,`varietyname` FROM `tb_mm_variety` WHERE ( delstatus=0 )  [ RunTime:0.0200s ]
SQL: SHOW COLUMNS FROM `tb_mm_grade` [ RunTime:0.0200s ]
SQL: select g.varietyid,v.varietyname,g.gradeid,g.gradename from tb_mm_grade g inner join tb_mm_variety v on g.varietyid=v.varietyid where g.delstatus=0 order by g.gradeid [ RunTime:0.0210s ]
SQL: SHOW COLUMNS FROM `tb_manufacturer` [ RunTime:0.0200s ]
SQL: SELECT `factoryid`,`factoryname` FROM `tb_manufacturer` WHERE ( delstatus=0 )  [ RunTime:0.0190s ]
SQL: SHOW COLUMNS FROM `tb_mm_specification` [ RunTime:0.0210s ]
SQL: SELECT `specid`,`specname` FROM `tb_mm_specification` WHERE ( delstatus=0 )  [ RunTime:0.0190s ]
SQL: SHOW COLUMNS FROM `tb_mm_claddingmaterial` [ RunTime:0.0200s ]
SQL: SELECT `claddingid`,`claddingname` FROM `tb_mm_claddingmaterial` WHERE ( delstatus=0 )  [ RunTime:0.0200s ]
SQL: SHOW COLUMNS FROM `tb_mm_unit` [ RunTime:0.0200s ]
SQL: SELECT `unitid`,`unitname`,`raw` FROM `tb_mm_unit` WHERE ( delstatus=0 )  [ RunTime:0.0190s ]
INFO: [ view_parse ] --START--
INFO: [ template_filter ] --START--
INFO: Run Behavior\ContentReplaceBehavior [ RunTime:0.000000s ]
INFO: [ template_filter ] --END-- [ RunTime:0.000000s ]
INFO: Run Behavior\ParseTemplateBehavior [ RunTime:0.014001s ]
INFO: [ view_parse ] --END-- [ RunTime:0.015001s ]
INFO: [ view_filter ] --START--
INFO: Run Behavior\WriteHtmlCacheBehavior [ RunTime:0.001000s ]
INFO: [ view_filter ] --END-- [ RunTime:0.001000s ]
INFO: [ app_end ] --START--
INFO: Run Behavior\ShowPageTraceBehavior [ RunTime:0.001000s ]
INFO: [ app_end ] --END-- [ RunTime:0.001000s ]

[ 2016-10-08T17:45:09+08:00 ] ::1 /51ccnew/index.php/Home/Base/gradelist.html
INFO: [ app_init ] --START--
INFO: Run Behavior\BuildLiteBehavior [ RunTime:0.000000s ]
INFO: [ app_init ] --END-- [ RunTime:0.000000s ]
INFO: [ app_begin ] --START--
INFO: Run Behavior\ReadHtmlCacheBehavior [ RunTime:0.002000s ]
INFO: [ app_begin ] --END-- [ RunTime:0.002000s ]
SQL: SHOW COLUMNS FROM `tb_mm_grade` [ RunTime:0.0190s ]
SQL: select gradeid,gradename from tb_mm_grade g where g.varietyid=8 and g.delstatus=0 order by g.gradeid [ RunTime:0.0180s ]

[ 2016-10-08T17:45:13+08:00 ] ::1 /51ccnew/index.php/Home/Base/gradelist.html
INFO: [ app_init ] --START--
INFO: Run Behavior\BuildLiteBehavior [ RunTime:0.001000s ]
INFO: [ app_init ] --END-- [ RunTime:0.001000s ]
INFO: [ app_begin ] --START--
INFO: Run Behavior\ReadHtmlCacheBehavior [ RunTime:0.001000s ]
INFO: [ app_begin ] --END-- [ RunTime:0.001000s ]
SQL: SHOW COLUMNS FROM `tb_mm_grade` [ RunTime:0.0200s ]
SQL: select gradeid,gradename from tb_mm_grade g where g.varietyid=2 and g.delstatus=0 order by g.gradeid [ RunTime:0.0190s ]

[ 2016-10-08T17:45:16+08:00 ] ::1 /51ccnew/index.php/Home/Base/gradelist.html
INFO: [ app_init ] --START--
INFO: Run Behavior\BuildLiteBehavior [ RunTime:0.000000s ]
INFO: [ app_init ] --END-- [ RunTime:0.001000s ]
INFO: [ app_begin ] --START--
INFO: Run Behavior\ReadHtmlCacheBehavior [ RunTime:0.002000s ]
INFO: [ app_begin ] --END-- [ RunTime:0.003000s ]
SQL: SHOW COLUMNS FROM `tb_mm_grade` [ RunTime:0.0190s ]
SQL: select gradeid,gradename from tb_mm_grade g where g.varietyid=1 and g.delstatus=0 order by g.gradeid [ RunTime:0.0190s ]

[ 2016-10-08T17:45:42+08:00 ] ::1 /51ccnew/index.php/Home/Purchase/purchaseadd_bgd.html
INFO: [ app_init ] --START--
INFO: Run Behavior\BuildLiteBehavior [ RunTime:0.000000s ]
INFO: [ app_init ] --END-- [ RunTime:0.000000s ]
INFO: [ app_begin ] --START--
INFO: Run Behavior\ReadHtmlCacheBehavior [ RunTime:0.001000s ]
INFO: [ app_begin ] --END-- [ RunTime:0.001000s ]
SQL: SHOW COLUMNS FROM `tb_user` [ RunTime:0.0190s ]
SQL: SELECT `ordercode_purchase` FROM `tb_user` WHERE ( userid=0 ) LIMIT 1   [ RunTime:0.0190s ]
NOTIC: [8] Undefined index: deliveryplace E:\phpStudy_new\WWW\51ccnew\magnetic\Home\Controller\PurchaseController.class.php 第 121 行.
NOTIC: [8] Undefined index: deliverydate E:\phpStudy_new\WWW\51ccnew\magnetic\Home\Controller\PurchaseController.class.php 第 122 行.
NOTIC: [8] Undefined index: comments E:\phpStudy_new\WWW\51ccnew\magnetic\Home\Controller\PurchaseController.class.php 第 123 行.
SQL: SHOW COLUMNS FROM `tb_order_purchase` [ RunTime:0.0190s ]
ERR: 1048:Column 'deliveryplace' cannot be null
 [ SQL语句 ] : INSERT INTO `tb_order_purchase` (`ordercode`,`createdby`,`companyid`,`statusid`,`instime`,`updatetime`,`deliveryplace`,`deliverydate`,`comments`) VALUES ('2016100817382585','0','0','1','2016-10-08 17:45:42','2016-10-08 17:45:42',NULL,NULL,NULL)
ERR: 1048:Column 'deliveryplace' cannot be null
 [ SQL语句 ] : INSERT INTO `tb_order_purchase` (`ordercode`,`createdby`,`companyid`,`statusid`,`instime`,`updatetime`,`deliveryplace`,`deliverydate`,`comments`) VALUES ('2016100817382585','0','0','1','2016-10-08 17:45:42','2016-10-08 17:45:42',NULL,NULL,NULL)

[ 2016-10-08T17:50:24+08:00 ] ::1 /51ccnew/index.php/Home/Purchase/purchaseadd_bgd.html
INFO: [ app_init ] --START--
INFO: Run Behavior\BuildLiteBehavior [ RunTime:0.000000s ]
INFO: [ app_init ] --END-- [ RunTime:0.001000s ]
INFO: [ app_begin ] --START--
INFO: Run Behavior\ReadHtmlCacheBehavior [ RunTime:0.001000s ]
INFO: [ app_begin ] --END-- [ RunTime:0.001000s ]
SQL: SHOW COLUMNS FROM `tb_user` [ RunTime:0.0190s ]
SQL: SELECT `ordercode_purchase` FROM `tb_user` WHERE ( userid=0 ) LIMIT 1   [ RunTime:0.0190s ]
NOTIC: [8] Undefined index: deliveryplace E:\phpStudy_new\WWW\51ccnew\magnetic\Home\Controller\PurchaseController.class.php 第 121 行.
NOTIC: [8] Undefined index: deliverydate E:\phpStudy_new\WWW\51ccnew\magnetic\Home\Controller\PurchaseController.class.php 第 122 行.
NOTIC: [8] Undefined index: comments E:\phpStudy_new\WWW\51ccnew\magnetic\Home\Controller\PurchaseController.class.php 第 123 行.
SQL: SHOW COLUMNS FROM `tb_order_purchase` [ RunTime:0.0200s ]
ERR: 1048:Column 'deliveryplace' cannot be null
 [ SQL语句 ] : INSERT INTO `tb_order_purchase` (`ordercode`,`createdby`,`companyid`,`statusid`,`instime`,`updatetime`,`deliveryplace`,`deliverydate`,`comments`) VALUES ('2016100817382585','0','0','1','2016-10-08 17:50:24','2016-10-08 17:50:24',NULL,NULL,NULL)
ERR: 1048:Column 'deliveryplace' cannot be null
 [ SQL语句 ] : INSERT INTO `tb_order_purchase` (`ordercode`,`createdby`,`companyid`,`statusid`,`instime`,`updatetime`,`deliveryplace`,`deliverydate`,`comments`) VALUES ('2016100817382585','0','0','1','2016-10-08 17:50:24','2016-10-08 17:50:24',NULL,NULL,NULL)

[ 2016-10-08T17:52:55+08:00 ] ::1 /51ccnew/index.php/Home/Purchase/purchaseadd.html
INFO: [ app_init ] --START--
INFO: Run Behavior\BuildLiteBehavior [ RunTime:0.000000s ]
INFO: [ app_init ] --END-- [ RunTime:0.000000s ]
INFO: [ app_begin ] --START--
INFO: Run Behavior\ReadHtmlCacheBehavior [ RunTime:0.001000s ]
INFO: [ app_begin ] --END-- [ RunTime:0.001000s ]
SQL: SHOW COLUMNS FROM `tb_mm_variety` [ RunTime:0.0200s ]
SQL: SELECT `varietyid`,`varietyname` FROM `tb_mm_variety` WHERE ( delstatus=0 )  [ RunTime:0.0190s ]
SQL: SHOW COLUMNS FROM `tb_mm_grade` [ RunTime:0.0200s ]
SQL: select g.varietyid,v.varietyname,g.gradeid,g.gradename from tb_mm_grade g inner join tb_mm_variety v on g.varietyid=v.varietyid where g.delstatus=0 order by g.gradeid [ RunTime:0.0200s ]
SQL: SHOW COLUMNS FROM `tb_manufacturer` [ RunTime:0.0180s ]
SQL: SELECT `factoryid`,`factoryname` FROM `tb_manufacturer` WHERE ( delstatus=0 )  [ RunTime:0.0200s ]
SQL: SHOW COLUMNS FROM `tb_mm_specification` [ RunTime:0.0200s ]
SQL: SELECT `specid`,`specname` FROM `tb_mm_specification` WHERE ( delstatus=0 )  [ RunTime:0.0190s ]
SQL: SHOW COLUMNS FROM `tb_mm_claddingmaterial` [ RunTime:0.0200s ]
SQL: SELECT `claddingid`,`claddingname` FROM `tb_mm_claddingmaterial` WHERE ( delstatus=0 )  [ RunTime:0.0200s ]
SQL: SHOW COLUMNS FROM `tb_mm_unit` [ RunTime:0.0200s ]
SQL: SELECT `unitid`,`unitname`,`raw` FROM `tb_mm_unit` WHERE ( delstatus=0 )  [ RunTime:0.0200s ]
INFO: [ view_parse ] --START--
INFO: [ template_filter ] --START--
INFO: Run Behavior\ContentReplaceBehavior [ RunTime:0.000000s ]
INFO: [ template_filter ] --END-- [ RunTime:0.001000s ]
INFO: Run Behavior\ParseTemplateBehavior [ RunTime:0.016001s ]
INFO: [ view_parse ] --END-- [ RunTime:0.016001s ]
INFO: [ view_filter ] --START--
INFO: Run Behavior\WriteHtmlCacheBehavior [ RunTime:0.000000s ]
INFO: [ view_filter ] --END-- [ RunTime:0.000000s ]
INFO: [ app_end ] --START--
INFO: Run Behavior\ShowPageTraceBehavior [ RunTime:0.001001s ]
INFO: [ app_end ] --END-- [ RunTime:0.001001s ]

[ 2016-10-08T17:52:56+08:00 ] ::1 /51ccnew/index.php/Home/Purchase/purchaseadd.html
INFO: [ app_init ] --START--
INFO: Run Behavior\BuildLiteBehavior [ RunTime:0.000000s ]
INFO: [ app_init ] --END-- [ RunTime:0.001000s ]
INFO: [ app_begin ] --START--
INFO: Run Behavior\ReadHtmlCacheBehavior [ RunTime:0.001000s ]
INFO: [ app_begin ] --END-- [ RunTime:0.001000s ]
SQL: SHOW COLUMNS FROM `tb_mm_variety` [ RunTime:0.0200s ]
SQL: SELECT `varietyid`,`varietyname` FROM `tb_mm_variety` WHERE ( delstatus=0 )  [ RunTime:0.0190s ]
SQL: SHOW COLUMNS FROM `tb_mm_grade` [ RunTime:0.0190s ]
SQL: select g.varietyid,v.varietyname,g.gradeid,g.gradename from tb_mm_grade g inner join tb_mm_variety v on g.varietyid=v.varietyid where g.delstatus=0 order by g.gradeid [ RunTime:0.0200s ]
SQL: SHOW COLUMNS FROM `tb_manufacturer` [ RunTime:0.0200s ]
SQL: SELECT `factoryid`,`factoryname` FROM `tb_manufacturer` WHERE ( delstatus=0 )  [ RunTime:0.0190s ]
SQL: SHOW COLUMNS FROM `tb_mm_specification` [ RunTime:0.0190s ]
SQL: SELECT `specid`,`specname` FROM `tb_mm_specification` WHERE ( delstatus=0 )  [ RunTime:0.0180s ]
SQL: SHOW COLUMNS FROM `tb_mm_claddingmaterial` [ RunTime:0.0200s ]
SQL: SELECT `claddingid`,`claddingname` FROM `tb_mm_claddingmaterial` WHERE ( delstatus=0 )  [ RunTime:0.0190s ]
SQL: SHOW COLUMNS FROM `tb_mm_unit` [ RunTime:0.0190s ]
SQL: SELECT `unitid`,`unitname`,`raw` FROM `tb_mm_unit` WHERE ( delstatus=0 )  [ RunTime:0.0190s ]
INFO: [ view_parse ] --START--
INFO: [ template_filter ] --START--
INFO: Run Behavior\ContentReplaceBehavior [ RunTime:0.000000s ]
INFO: [ template_filter ] --END-- [ RunTime:0.000000s ]
INFO: Run Behavior\ParseTemplateBehavior [ RunTime:0.013001s ]
INFO: [ view_parse ] --END-- [ RunTime:0.013001s ]
INFO: [ view_filter ] --START--
INFO: Run Behavior\WriteHtmlCacheBehavior [ RunTime:0.001000s ]
INFO: [ view_filter ] --END-- [ RunTime:0.001000s ]
INFO: [ app_end ] --START--
INFO: Run Behavior\ShowPageTraceBehavior [ RunTime:0.001000s ]
INFO: [ app_end ] --END-- [ RunTime:0.001000s ]

[ 2016-10-08T17:53:05+08:00 ] ::1 /51ccnew/index.php/Home/Base/gradelist.html
INFO: [ app_init ] --START--
INFO: Run Behavior\BuildLiteBehavior [ RunTime:0.000000s ]
INFO: [ app_init ] --END-- [ RunTime:0.002001s ]
INFO: [ app_begin ] --START--
INFO: Run Behavior\ReadHtmlCacheBehavior [ RunTime:0.002000s ]
INFO: [ app_begin ] --END-- [ RunTime:0.002000s ]
SQL: SHOW COLUMNS FROM `tb_mm_grade` [ RunTime:0.0190s ]
SQL: select gradeid,gradename from tb_mm_grade g where g.varietyid=1 and g.delstatus=0 order by g.gradeid [ RunTime:0.0200s ]

[ 2016-10-08T17:53:07+08:00 ] ::1 /51ccnew/index.php/Home/Base/gradelist.html
INFO: [ app_init ] --START--
INFO: Run Behavior\BuildLiteBehavior [ RunTime:0.000000s ]
INFO: [ app_init ] --END-- [ RunTime:0.001000s ]
INFO: [ app_begin ] --START--
INFO: Run Behavior\ReadHtmlCacheBehavior [ RunTime:0.001000s ]
INFO: [ app_begin ] --END-- [ RunTime:0.001000s ]
SQL: SHOW COLUMNS FROM `tb_mm_grade` [ RunTime:0.0190s ]
SQL: select gradeid,gradename from tb_mm_grade g where g.varietyid=3 and g.delstatus=0 order by g.gradeid [ RunTime:0.0200s ]

[ 2016-10-08T17:53:10+08:00 ] ::1 /51ccnew/index.php/Home/Base/gradelist.html
INFO: [ app_init ] --START--
INFO: Run Behavior\BuildLiteBehavior [ RunTime:0.000000s ]
INFO: [ app_init ] --END-- [ RunTime:0.002000s ]
INFO: [ app_begin ] --START--
INFO: Run Behavior\ReadHtmlCacheBehavior [ RunTime:0.001000s ]
INFO: [ app_begin ] --END-- [ RunTime:0.001000s ]
SQL: SHOW COLUMNS FROM `tb_mm_grade` [ RunTime:0.0190s ]
SQL: select gradeid,gradename from tb_mm_grade g where g.varietyid=2 and g.delstatus=0 order by g.gradeid [ RunTime:0.0190s ]

[ 2016-10-08T17:53:30+08:00 ] ::1 /51ccnew/index.php/Home/Base/gradelist.html
INFO: [ app_init ] --START--
INFO: Run Behavior\BuildLiteBehavior [ RunTime:0.000000s ]
INFO: [ app_init ] --END-- [ RunTime:0.001000s ]
INFO: [ app_begin ] --START--
INFO: Run Behavior\ReadHtmlCacheBehavior [ RunTime:0.001000s ]
INFO: [ app_begin ] --END-- [ RunTime:0.001000s ]
SQL: SHOW COLUMNS FROM `tb_mm_grade` [ RunTime:0.0200s ]
SQL: select gradeid,gradename from tb_mm_grade g where g.varietyid=9 and g.delstatus=0 order by g.gradeid [ RunTime:0.0190s ]

[ 2016-10-08T17:54:02+08:00 ] ::1 /51ccnew/index.php/Home/Purchase/purchaseadd_bgd.html
INFO: [ app_init ] --START--
INFO: Run Behavior\BuildLiteBehavior [ RunTime:0.000000s ]
INFO: [ app_init ] --END-- [ RunTime:0.001000s ]
INFO: [ app_begin ] --START--
INFO: Run Behavior\ReadHtmlCacheBehavior [ RunTime:0.001000s ]
INFO: [ app_begin ] --END-- [ RunTime:0.001000s ]
SQL: SHOW COLUMNS FROM `tb_user` [ RunTime:0.0190s ]
SQL: SELECT `ordercode_purchase` FROM `tb_user` WHERE ( userid=0 ) LIMIT 1   [ RunTime:0.0190s ]
NOTIC: [8] Undefined index: deliveryplace E:\phpStudy_new\WWW\51ccnew\magnetic\Home\Controller\PurchaseController.class.php 第 121 行.
NOTIC: [8] Undefined index: deliverydate E:\phpStudy_new\WWW\51ccnew\magnetic\Home\Controller\PurchaseController.class.php 第 122 行.
NOTIC: [8] Undefined index: comments E:\phpStudy_new\WWW\51ccnew\magnetic\Home\Controller\PurchaseController.class.php 第 123 行.
SQL: SHOW COLUMNS FROM `tb_order_purchase` [ RunTime:0.0200s ]
ERR: 1048:Column 'deliveryplace' cannot be null
 [ SQL语句 ] : INSERT INTO `tb_order_purchase` (`ordercode`,`createdby`,`companyid`,`statusid`,`instime`,`updatetime`,`deliveryplace`,`deliverydate`,`comments`) VALUES ('2016100817382585','0','0','1','2016-10-08 17:54:02','2016-10-08 17:54:02',NULL,NULL,NULL)
ERR: 1048:Column 'deliveryplace' cannot be null
 [ SQL语句 ] : INSERT INTO `tb_order_purchase` (`ordercode`,`createdby`,`companyid`,`statusid`,`instime`,`updatetime`,`deliveryplace`,`deliverydate`,`comments`) VALUES ('2016100817382585','0','0','1','2016-10-08 17:54:02','2016-10-08 17:54:02',NULL,NULL,NULL)

[ 2016-10-08T17:54:03+08:00 ] ::1 /51ccnew/index.php/Home/Purchase/purchaseadd_bgd.html
INFO: [ app_init ] --START--
INFO: Run Behavior\BuildLiteBehavior [ RunTime:0.000000s ]
INFO: [ app_init ] --END-- [ RunTime:0.001000s ]
INFO: [ app_begin ] --START--
INFO: Run Behavior\ReadHtmlCacheBehavior [ RunTime:0.001000s ]
INFO: [ app_begin ] --END-- [ RunTime:0.001000s ]
SQL: SHOW COLUMNS FROM `tb_user` [ RunTime:0.0200s ]
SQL: SELECT `ordercode_purchase` FROM `tb_user` WHERE ( userid=0 ) LIMIT 1   [ RunTime:0.0200s ]
NOTIC: [8] Undefined index: deliveryplace E:\phpStudy_new\WWW\51ccnew\magnetic\Home\Controller\PurchaseController.class.php 第 121 行.
NOTIC: [8] Undefined index: deliverydate E:\phpStudy_new\WWW\51ccnew\magnetic\Home\Controller\PurchaseController.class.php 第 122 行.
NOTIC: [8] Undefined index: comments E:\phpStudy_new\WWW\51ccnew\magnetic\Home\Controller\PurchaseController.class.php 第 123 行.
SQL: SHOW COLUMNS FROM `tb_order_purchase` [ RunTime:0.0210s ]
ERR: 1048:Column 'deliveryplace' cannot be null
 [ SQL语句 ] : INSERT INTO `tb_order_purchase` (`ordercode`,`createdby`,`companyid`,`statusid`,`instime`,`updatetime`,`deliveryplace`,`deliverydate`,`comments`) VALUES ('2016100817382585','0','0','1','2016-10-08 17:54:03','2016-10-08 17:54:03',NULL,NULL,NULL)
ERR: 1048:Column 'deliveryplace' cannot be null
 [ SQL语句 ] : INSERT INTO `tb_order_purchase` (`ordercode`,`createdby`,`companyid`,`statusid`,`instime`,`updatetime`,`deliveryplace`,`deliverydate`,`comments`) VALUES ('2016100817382585','0','0','1','2016-10-08 17:54:03','2016-10-08 17:54:03',NULL,NULL,NULL)

[ 2016-10-08T17:54:04+08:00 ] ::1 /51ccnew/index.php/Home/Purchase/purchaseadd_bgd.html
INFO: [ app_init ] --START--
INFO: Run Behavior\BuildLiteBehavior [ RunTime:0.001000s ]
INFO: [ app_init ] --END-- [ RunTime:0.001000s ]
INFO: [ app_begin ] --START--
INFO: Run Behavior\ReadHtmlCacheBehavior [ RunTime:0.000000s ]
INFO: [ app_begin ] --END-- [ RunTime:0.000000s ]
SQL: SHOW COLUMNS FROM `tb_user` [ RunTime:0.0190s ]
SQL: SELECT `ordercode_purchase` FROM `tb_user` WHERE ( userid=0 ) LIMIT 1   [ RunTime:0.0190s ]
NOTIC: [8] Undefined index: deliveryplace E:\phpStudy_new\WWW\51ccnew\magnetic\Home\Controller\PurchaseController.class.php 第 121 行.
NOTIC: [8] Undefined index: deliverydate E:\phpStudy_new\WWW\51ccnew\magnetic\Home\Controller\PurchaseController.class.php 第 122 行.
NOTIC: [8] Undefined index: comments E:\phpStudy_new\WWW\51ccnew\magnetic\Home\Controller\PurchaseController.class.php 第 123 行.
SQL: SHOW COLUMNS FROM `tb_order_purchase` [ RunTime:0.0190s ]
ERR: 1048:Column 'deliveryplace' cannot be null
 [ SQL语句 ] : INSERT INTO `tb_order_purchase` (`ordercode`,`createdby`,`companyid`,`statusid`,`instime`,`updatetime`,`deliveryplace`,`deliverydate`,`comments`) VALUES ('2016100817382585','0','0','1','2016-10-08 17:54:04','2016-10-08 17:54:04',NULL,NULL,NULL)
ERR: 1048:Column 'deliveryplace' cannot be null
 [ SQL语句 ] : INSERT INTO `tb_order_purchase` (`ordercode`,`createdby`,`companyid`,`statusid`,`instime`,`updatetime`,`deliveryplace`,`deliverydate`,`comments`) VALUES ('2016100817382585','0','0','1','2016-10-08 17:54:04','2016-10-08 17:54:04',NULL,NULL,NULL)

