[ 2016-10-05T21:16:19+08:00 ] 127.0.0.1 /index.php
INFO: [ app_init ] --START--
INFO: Run Behavior\BuildLiteBehavior [ RunTime:0.000000s ]
INFO: [ app_init ] --END-- [ RunTime:0.001000s ]
INFO: [ app_begin ] --START--
INFO: Run Behavior\ReadHtmlCacheBehavior [ RunTime:0.001000s ]
INFO: [ app_begin ] --END-- [ RunTime:0.001000s ]
SQL: SHOW COLUMNS FROM `tb_order_supply` [ RunTime:0.1205s ]
SQL: call p_ordersupply(3) [ RunTime:1.0931s ]
NOTIC: [2] PDOStatement::fetchAll(): SQLSTATE[HY000]: General error C:\51ccnew\51cc\ThinkPHP\Library\Think\Db\Driver\Mysql.class.php 第 220 行.
SQL: SHOW COLUMNS FROM `tb_order_purchase` [ RunTime:0.1080s ]
SQL: call p_orderpurchase(5) [ RunTime:0.1155s ]
NOTIC: [2] PDOStatement::fetchAll(): SQLSTATE[HY000]: General error C:\51ccnew\51cc\ThinkPHP\Library\Think\Db\Driver\Mysql.class.php 第 220 行.
INFO: [ view_parse ] --START--
INFO: [ template_filter ] --START--
INFO: Run Behavior\ContentReplaceBehavior [ RunTime:0.005000s ]
INFO: [ template_filter ] --END-- [ RunTime:0.005000s ]
INFO: Run Behavior\ParseTemplateBehavior [ RunTime:0.177010s ]
INFO: [ view_parse ] --END-- [ RunTime:0.177010s ]
INFO: [ view_filter ] --START--
INFO: Run Behavior\WriteHtmlCacheBehavior [ RunTime:0.001000s ]
INFO: [ view_filter ] --END-- [ RunTime:0.001000s ]
INFO: [ app_end ] --START--
INFO: Run Behavior\ShowPageTraceBehavior [ RunTime:0.001000s ]
INFO: [ app_end ] --END-- [ RunTime:0.001000s ]

[ 2016-10-05T21:16:19+08:00 ] 127.0.0.1 /index.php
INFO: [ app_init ] --START--
INFO: Run Behavior\BuildLiteBehavior [ RunTime:0.000000s ]
INFO: [ app_init ] --END-- [ RunTime:0.001000s ]
INFO: [ app_begin ] --START--
INFO: Run Behavior\ReadHtmlCacheBehavior [ RunTime:0.001000s ]
INFO: [ app_begin ] --END-- [ RunTime:0.001000s ]
SQL: SHOW COLUMNS FROM `tb_order_supply` [ RunTime:0.1155s ]
SQL: call p_ordersupply(3) [ RunTime:1.1511s ]
NOTIC: [2] PDOStatement::fetchAll(): SQLSTATE[HY000]: General error C:\51ccnew\51cc\ThinkPHP\Library\Think\Db\Driver\Mysql.class.php 第 220 行.
SQL: SHOW COLUMNS FROM `tb_order_purchase` [ RunTime:0.1580s ]
SQL: call p_orderpurchase(5) [ RunTime:0.1110s ]
NOTIC: [2] PDOStatement::fetchAll(): SQLSTATE[HY000]: General error C:\51ccnew\51cc\ThinkPHP\Library\Think\Db\Driver\Mysql.class.php 第 220 行.
INFO: [ view_parse ] --START--
INFO: [ template_filter ] --START--
INFO: Run Behavior\ContentReplaceBehavior [ RunTime:0.002000s ]
INFO: [ template_filter ] --END-- [ RunTime:0.003000s ]
INFO: Run Behavior\ParseTemplateBehavior [ RunTime:0.126007s ]
INFO: [ view_parse ] --END-- [ RunTime:0.126007s ]
INFO: [ view_filter ] --START--
INFO: Run Behavior\WriteHtmlCacheBehavior [ RunTime:0.002001s ]
INFO: [ view_filter ] --END-- [ RunTime:0.002001s ]
INFO: [ app_end ] --START--
INFO: Run Behavior\ShowPageTraceBehavior [ RunTime:0.001000s ]
INFO: [ app_end ] --END-- [ RunTime:0.001000s ]

[ 2016-10-05T21:16:49+08:00 ] 127.0.0.1 /index.php/Home/User/login.html
INFO: [ app_init ] --START--
INFO: Run Behavior\BuildLiteBehavior [ RunTime:0.000000s ]
INFO: [ app_init ] --END-- [ RunTime:0.000000s ]
INFO: [ app_begin ] --START--
INFO: Run Behavior\ReadHtmlCacheBehavior [ RunTime:0.001000s ]
INFO: [ app_begin ] --END-- [ RunTime:0.001000s ]
INFO: [ view_parse ] --START--
INFO: [ template_filter ] --START--
INFO: Run Behavior\ContentReplaceBehavior [ RunTime:0.000000s ]
INFO: [ template_filter ] --END-- [ RunTime:0.000000s ]
INFO: Run Behavior\ParseTemplateBehavior [ RunTime:0.037002s ]
INFO: [ view_parse ] --END-- [ RunTime:0.037002s ]
INFO: [ view_filter ] --START--
INFO: Run Behavior\WriteHtmlCacheBehavior [ RunTime:0.001000s ]
INFO: [ view_filter ] --END-- [ RunTime:0.001000s ]
INFO: [ app_end ] --START--
INFO: Run Behavior\ShowPageTraceBehavior [ RunTime:0.001000s ]
INFO: [ app_end ] --END-- [ RunTime:0.001000s ]

[ 2016-10-05T21:16:58+08:00 ] 127.0.0.1 /index.php/Home/User/login_bgd.html
INFO: [ app_init ] --START--
INFO: Run Behavior\BuildLiteBehavior [ RunTime:0.000000s ]
INFO: [ app_init ] --END-- [ RunTime:0.001000s ]
INFO: [ app_begin ] --START--
INFO: Run Behavior\ReadHtmlCacheBehavior [ RunTime:0.001000s ]
INFO: [ app_begin ] --END-- [ RunTime:0.001000s ]
SQL: SHOW COLUMNS FROM `tb_user` [ RunTime:0.2066s ]
SQL: SELECT `userid`,`phone`,`username`,`nickname`,`logintimes` FROM `tb_user` WHERE ( phone='18734569008' and userpwd='e99a18c428cb38d5f260853678922e03' )  [ RunTime:0.1916s ]
SQL: UPDATE `tb_user` SET `logintimes`='9',`lastlogin`='2016-10-05 21:16:57' WHERE `userid` = 1 [ RunTime:0.2340s ]

[ 2016-10-05T21:16:59+08:00 ] 127.0.0.1 /index.php/Home/User/member.html
INFO: [ app_init ] --START--
INFO: Run Behavior\BuildLiteBehavior [ RunTime:0.000000s ]
INFO: [ app_init ] --END-- [ RunTime:0.001000s ]
INFO: [ app_begin ] --START--
INFO: Run Behavior\ReadHtmlCacheBehavior [ RunTime:0.001000s ]
INFO: [ app_begin ] --END-- [ RunTime:0.001000s ]
INFO: [ view_parse ] --START--
INFO: [ template_filter ] --START--
INFO: Run Behavior\ContentReplaceBehavior [ RunTime:0.000000s ]
INFO: [ template_filter ] --END-- [ RunTime:0.000000s ]
INFO: Run Behavior\ParseTemplateBehavior [ RunTime:0.129507s ]
INFO: [ view_parse ] --END-- [ RunTime:0.129507s ]
INFO: [ view_filter ] --START--
INFO: Run Behavior\WriteHtmlCacheBehavior [ RunTime:0.002001s ]
INFO: [ view_filter ] --END-- [ RunTime:0.002001s ]
INFO: [ app_end ] --START--
INFO: Run Behavior\ShowPageTraceBehavior [ RunTime:0.003000s ]
INFO: [ app_end ] --END-- [ RunTime:0.003000s ]

[ 2016-10-05T21:17:09+08:00 ] 127.0.0.1 /index.php/Home/Product/baojiadanadd.html
INFO: [ app_init ] --START--
INFO: Run Behavior\BuildLiteBehavior [ RunTime:0.000000s ]
INFO: [ app_init ] --END-- [ RunTime:0.002001s ]
INFO: [ app_begin ] --START--
INFO: Run Behavior\ReadHtmlCacheBehavior [ RunTime:0.001000s ]
INFO: [ app_begin ] --END-- [ RunTime:0.002000s ]
INFO: [ view_parse ] --START--
INFO: [ template_filter ] --START--
INFO: Run Behavior\ContentReplaceBehavior [ RunTime:0.000000s ]
INFO: [ template_filter ] --END-- [ RunTime:0.000000s ]
INFO: Run Behavior\ParseTemplateBehavior [ RunTime:0.024001s ]
INFO: [ view_parse ] --END-- [ RunTime:0.024001s ]
INFO: [ view_filter ] --START--
INFO: Run Behavior\WriteHtmlCacheBehavior [ RunTime:0.001000s ]
INFO: [ view_filter ] --END-- [ RunTime:0.001000s ]
INFO: [ app_end ] --START--
INFO: Run Behavior\ShowPageTraceBehavior [ RunTime:0.002001s ]
INFO: [ app_end ] --END-- [ RunTime:0.002001s ]

[ 2016-10-05T21:22:37+08:00 ] 127.0.0.1 /index.php/Home/User/purchaseadd.html
INFO: [ app_init ] --START--
INFO: Run Behavior\BuildLiteBehavior [ RunTime:0.000000s ]
INFO: [ app_init ] --END-- [ RunTime:0.001000s ]
INFO: [ app_begin ] --START--
INFO: Run Behavior\ReadHtmlCacheBehavior [ RunTime:0.003001s ]
INFO: [ app_begin ] --END-- [ RunTime:0.003001s ]
INFO: [ view_parse ] --START--
INFO: [ template_filter ] --START--
INFO: Run Behavior\ContentReplaceBehavior [ RunTime:0.001000s ]
INFO: [ template_filter ] --END-- [ RunTime:0.001000s ]
INFO: Run Behavior\ParseTemplateBehavior [ RunTime:0.035002s ]
INFO: [ view_parse ] --END-- [ RunTime:0.035002s ]
INFO: [ view_filter ] --START--
INFO: Run Behavior\WriteHtmlCacheBehavior [ RunTime:0.001000s ]
INFO: [ view_filter ] --END-- [ RunTime:0.001000s ]
INFO: [ app_end ] --START--
INFO: Run Behavior\ShowPageTraceBehavior [ RunTime:0.002000s ]
INFO: [ app_end ] --END-- [ RunTime:0.002000s ]

[ 2016-10-05T21:23:35+08:00 ] 127.0.0.1 /index.php/Home/Product/baojiadanadd.html
INFO: [ app_init ] --START--
INFO: Run Behavior\BuildLiteBehavior [ RunTime:0.000000s ]
INFO: [ app_init ] --END-- [ RunTime:0.001000s ]
INFO: [ app_begin ] --START--
INFO: Run Behavior\ReadHtmlCacheBehavior [ RunTime:0.001000s ]
INFO: [ app_begin ] --END-- [ RunTime:0.001000s ]
INFO: [ view_parse ] --START--
INFO: [ template_filter ] --START--
INFO: Run Behavior\ContentReplaceBehavior [ RunTime:0.001000s ]
INFO: [ template_filter ] --END-- [ RunTime:0.001000s ]
INFO: Run Behavior\ParseTemplateBehavior [ RunTime:0.020001s ]
INFO: [ view_parse ] --END-- [ RunTime:0.021001s ]
INFO: [ view_filter ] --START--
INFO: Run Behavior\WriteHtmlCacheBehavior [ RunTime:0.000000s ]
INFO: [ view_filter ] --END-- [ RunTime:0.000000s ]
INFO: [ app_end ] --START--
INFO: Run Behavior\ShowPageTraceBehavior [ RunTime:0.001000s ]
INFO: [ app_end ] --END-- [ RunTime:0.001000s ]

[ 2016-10-05T21:30:20+08:00 ] 127.0.0.1 /index.php/Home/Product/baojiadanadd.html
INFO: [ app_init ] --START--
INFO: Run Behavior\BuildLiteBehavior [ RunTime:0.000000s ]
INFO: [ app_init ] --END-- [ RunTime:0.000000s ]
INFO: [ app_begin ] --START--
INFO: Run Behavior\ReadHtmlCacheBehavior [ RunTime:0.001000s ]
INFO: [ app_begin ] --END-- [ RunTime:0.001000s ]
INFO: [ view_parse ] --START--
INFO: [ template_filter ] --START--
INFO: Run Behavior\ContentReplaceBehavior [ RunTime:0.000000s ]
INFO: [ template_filter ] --END-- [ RunTime:0.000000s ]
INFO: Run Behavior\ParseTemplateBehavior [ RunTime:0.029002s ]
INFO: [ view_parse ] --END-- [ RunTime:0.030002s ]
INFO: [ view_filter ] --START--
INFO: Run Behavior\WriteHtmlCacheBehavior [ RunTime:0.000000s ]
INFO: [ view_filter ] --END-- [ RunTime:0.000000s ]
INFO: [ app_end ] --START--
INFO: Run Behavior\ShowPageTraceBehavior [ RunTime:0.001000s ]
INFO: [ app_end ] --END-- [ RunTime:0.001000s ]

[ 2016-10-05T21:36:46+08:00 ] 127.0.0.1 /index.php/Home/User/purchaseadd.html
INFO: [ app_init ] --START--
INFO: Run Behavior\BuildLiteBehavior [ RunTime:0.000000s ]
INFO: [ app_init ] --END-- [ RunTime:0.001001s ]
INFO: [ app_begin ] --START--
INFO: Run Behavior\ReadHtmlCacheBehavior [ RunTime:0.001000s ]
INFO: [ app_begin ] --END-- [ RunTime:0.002000s ]
INFO: [ view_parse ] --START--
INFO: [ template_filter ] --START--
INFO: Run Behavior\ContentReplaceBehavior [ RunTime:0.000000s ]
INFO: [ template_filter ] --END-- [ RunTime:0.000000s ]
INFO: Run Behavior\ParseTemplateBehavior [ RunTime:0.024001s ]
INFO: [ view_parse ] --END-- [ RunTime:0.024001s ]
INFO: [ view_filter ] --START--
INFO: Run Behavior\WriteHtmlCacheBehavior [ RunTime:0.000000s ]
INFO: [ view_filter ] --END-- [ RunTime:0.001000s ]
INFO: [ app_end ] --START--
INFO: Run Behavior\ShowPageTraceBehavior [ RunTime:0.000000s ]
INFO: [ app_end ] --END-- [ RunTime:0.001001s ]

[ 2016-10-05T21:37:04+08:00 ] 127.0.0.1 /index.php/Home/purchase/purchaseadd.html
INFO: [ app_init ] --START--
INFO: Run Behavior\BuildLiteBehavior [ RunTime:0.000000s ]
INFO: [ app_init ] --END-- [ RunTime:0.001000s ]
INFO: [ app_begin ] --START--
INFO: Run Behavior\ReadHtmlCacheBehavior [ RunTime:0.001000s ]
INFO: [ app_begin ] --END-- [ RunTime:0.001000s ]
SQL: SHOW COLUMNS FROM `tb_mm_variety` [ RunTime:0.1150s ]
SQL: SELECT `varietyid`,`varietyname` FROM `tb_mm_variety` WHERE ( delstatus=0 )  [ RunTime:0.0920s ]
SQL: SHOW COLUMNS FROM `tb_mm_grade` [ RunTime:0.1030s ]
SQL: select g.varietyid,v.varietyname,g.gradeid,g.gradename from tb_mm_grade g inner join tb_mm_variety v on g.varietyid=v.varietyid where g.delstatus=0 order by g.gradeid [ RunTime:0.1190s ]
SQL: SHOW COLUMNS FROM `tb_manufacturer` [ RunTime:0.0840s ]
SQL: SELECT `factoryid`,`factoryname` FROM `tb_manufacturer` WHERE ( delstatus=0 )  [ RunTime:0.1250s ]
SQL: SHOW COLUMNS FROM `tb_mm_specification` [ RunTime:0.0640s ]
SQL: SELECT `specid`,`specname` FROM `tb_mm_specification` WHERE ( delstatus=0 )  [ RunTime:0.0650s ]
ERR: 模板不存在:./magnetic/Home/View/Purchase/purchaseadd.html

[ 2016-10-05T21:42:18+08:00 ] 127.0.0.1 /index.php/Home/purchase/purchaseadd.html
INFO: [ app_init ] --START--
INFO: Run Behavior\BuildLiteBehavior [ RunTime:0.000000s ]
INFO: [ app_init ] --END-- [ RunTime:0.000000s ]
INFO: [ app_begin ] --START--
INFO: Run Behavior\ReadHtmlCacheBehavior [ RunTime:0.000000s ]
INFO: [ app_begin ] --END-- [ RunTime:0.000000s ]
SQL: SHOW COLUMNS FROM `tb_mm_variety` [ RunTime:0.0650s ]
SQL: SELECT `varietyid`,`varietyname` FROM `tb_mm_variety` WHERE ( delstatus=0 )  [ RunTime:0.0860s ]
SQL: SHOW COLUMNS FROM `tb_mm_grade` [ RunTime:0.0960s ]
SQL: select g.varietyid,v.varietyname,g.gradeid,g.gradename from tb_mm_grade g inner join tb_mm_variety v on g.varietyid=v.varietyid where g.delstatus=0 order by g.gradeid [ RunTime:0.1080s ]
SQL: SHOW COLUMNS FROM `tb_manufacturer` [ RunTime:0.0800s ]
SQL: SELECT `factoryid`,`factoryname` FROM `tb_manufacturer` WHERE ( delstatus=0 )  [ RunTime:0.1170s ]
SQL: SHOW COLUMNS FROM `tb_mm_specification` [ RunTime:0.1230s ]
SQL: SELECT `specid`,`specname` FROM `tb_mm_specification` WHERE ( delstatus=0 )  [ RunTime:0.1340s ]
SQL: SHOW COLUMNS FROM `tb_mm_claddingmaterial` [ RunTime:0.1430s ]
SQL: SELECT `claddingid`,`claddingname` FROM `tb_mm_claddingmaterial` WHERE ( delstatus=0 )  [ RunTime:0.0750s ]
ERR: 模板不存在:./magnetic/Home/View/Purchase/purchaseadd.html

[ 2016-10-05T21:43:26+08:00 ] 127.0.0.1 /index.php/Home/Product/baojiadanadd.html
INFO: [ app_init ] --START--
INFO: Run Behavior\BuildLiteBehavior [ RunTime:0.000000s ]
INFO: [ app_init ] --END-- [ RunTime:0.001000s ]
INFO: [ app_begin ] --START--
INFO: Run Behavior\ReadHtmlCacheBehavior [ RunTime:0.001000s ]
INFO: [ app_begin ] --END-- [ RunTime:0.001000s ]
INFO: [ view_parse ] --START--
INFO: [ template_filter ] --START--
INFO: Run Behavior\ContentReplaceBehavior [ RunTime:0.000000s ]
INFO: [ template_filter ] --END-- [ RunTime:0.000000s ]
INFO: Run Behavior\ParseTemplateBehavior [ RunTime:0.018001s ]
INFO: [ view_parse ] --END-- [ RunTime:0.018001s ]
INFO: [ view_filter ] --START--
INFO: Run Behavior\WriteHtmlCacheBehavior [ RunTime:0.001000s ]
INFO: [ view_filter ] --END-- [ RunTime:0.001000s ]
INFO: [ app_end ] --START--
INFO: Run Behavior\ShowPageTraceBehavior [ RunTime:0.001000s ]
INFO: [ app_end ] --END-- [ RunTime:0.001000s ]

[ 2016-10-05T21:43:54+08:00 ] 127.0.0.1 /index.php/Home/Product/baojiadanadd.html
INFO: [ app_init ] --START--
INFO: Run Behavior\BuildLiteBehavior [ RunTime:0.000000s ]
INFO: [ app_init ] --END-- [ RunTime:0.001000s ]
INFO: [ app_begin ] --START--
INFO: Run Behavior\ReadHtmlCacheBehavior [ RunTime:0.001000s ]
INFO: [ app_begin ] --END-- [ RunTime:0.001000s ]
INFO: [ view_parse ] --START--
INFO: [ template_filter ] --START--
INFO: Run Behavior\ContentReplaceBehavior [ RunTime:0.000000s ]
INFO: [ template_filter ] --END-- [ RunTime:0.000000s ]
INFO: Run Behavior\ParseTemplateBehavior [ RunTime:0.023001s ]
INFO: [ view_parse ] --END-- [ RunTime:0.023001s ]
INFO: [ view_filter ] --START--
INFO: Run Behavior\WriteHtmlCacheBehavior [ RunTime:0.001000s ]
INFO: [ view_filter ] --END-- [ RunTime:0.001000s ]
INFO: [ app_end ] --START--
INFO: Run Behavior\ShowPageTraceBehavior [ RunTime:0.002001s ]
INFO: [ app_end ] --END-- [ RunTime:0.002001s ]

[ 2016-10-05T21:44:03+08:00 ] 127.0.0.1 /index.php/Home/Product/baojiadanadd.html
INFO: [ app_init ] --START--
INFO: Run Behavior\BuildLiteBehavior [ RunTime:0.000000s ]
INFO: [ app_init ] --END-- [ RunTime:0.000000s ]
INFO: [ app_begin ] --START--
INFO: Run Behavior\ReadHtmlCacheBehavior [ RunTime:0.002000s ]
INFO: [ app_begin ] --END-- [ RunTime:0.002000s ]
INFO: [ view_parse ] --START--
INFO: [ template_filter ] --START--
INFO: Run Behavior\ContentReplaceBehavior [ RunTime:0.000000s ]
INFO: [ template_filter ] --END-- [ RunTime:0.000000s ]
INFO: Run Behavior\ParseTemplateBehavior [ RunTime:0.018001s ]
INFO: [ view_parse ] --END-- [ RunTime:0.018001s ]
INFO: [ view_filter ] --START--
INFO: Run Behavior\WriteHtmlCacheBehavior [ RunTime:0.001000s ]
INFO: [ view_filter ] --END-- [ RunTime:0.001000s ]
INFO: [ app_end ] --START--
INFO: Run Behavior\ShowPageTraceBehavior [ RunTime:0.000000s ]
INFO: [ app_end ] --END-- [ RunTime:0.000000s ]

[ 2016-10-05T21:44:05+08:00 ] 127.0.0.1 /index.php/Home/Product/baojiadanadd.html
INFO: [ app_init ] --START--
INFO: Run Behavior\BuildLiteBehavior [ RunTime:0.000000s ]
INFO: [ app_init ] --END-- [ RunTime:0.001000s ]
INFO: [ app_begin ] --START--
INFO: Run Behavior\ReadHtmlCacheBehavior [ RunTime:0.000000s ]
INFO: [ app_begin ] --END-- [ RunTime:0.001000s ]
INFO: [ view_parse ] --START--
INFO: [ template_filter ] --START--
INFO: Run Behavior\ContentReplaceBehavior [ RunTime:0.001000s ]
INFO: [ template_filter ] --END-- [ RunTime:0.001000s ]
INFO: Run Behavior\ParseTemplateBehavior [ RunTime:0.014001s ]
INFO: [ view_parse ] --END-- [ RunTime:0.014001s ]
INFO: [ view_filter ] --START--
INFO: Run Behavior\WriteHtmlCacheBehavior [ RunTime:0.000000s ]
INFO: [ view_filter ] --END-- [ RunTime:0.000000s ]
INFO: [ app_end ] --START--
INFO: Run Behavior\ShowPageTraceBehavior [ RunTime:0.001000s ]
INFO: [ app_end ] --END-- [ RunTime:0.001000s ]

[ 2016-10-05T21:44:10+08:00 ] 127.0.0.1 /index.php/Home/Product/baojiadanadd.html
INFO: [ app_init ] --START--
INFO: Run Behavior\BuildLiteBehavior [ RunTime:0.001000s ]
INFO: [ app_init ] --END-- [ RunTime:0.001000s ]
INFO: [ app_begin ] --START--
INFO: Run Behavior\ReadHtmlCacheBehavior [ RunTime:0.002000s ]
INFO: [ app_begin ] --END-- [ RunTime:0.002000s ]
INFO: [ view_parse ] --START--
INFO: [ template_filter ] --START--
INFO: Run Behavior\ContentReplaceBehavior [ RunTime:0.000000s ]
INFO: [ template_filter ] --END-- [ RunTime:0.000000s ]
INFO: Run Behavior\ParseTemplateBehavior [ RunTime:0.023001s ]
INFO: [ view_parse ] --END-- [ RunTime:0.023001s ]
INFO: [ view_filter ] --START--
INFO: Run Behavior\WriteHtmlCacheBehavior [ RunTime:0.000000s ]
INFO: [ view_filter ] --END-- [ RunTime:0.001000s ]
INFO: [ app_end ] --START--
INFO: Run Behavior\ShowPageTraceBehavior [ RunTime:0.001000s ]
INFO: [ app_end ] --END-- [ RunTime:0.001000s ]

[ 2016-10-05T21:44:13+08:00 ] 127.0.0.1 /index.php/Home/User/purchaseadd.html
INFO: [ app_init ] --START--
INFO: Run Behavior\BuildLiteBehavior [ RunTime:0.000000s ]
INFO: [ app_init ] --END-- [ RunTime:0.001000s ]
INFO: [ app_begin ] --START--
INFO: Run Behavior\ReadHtmlCacheBehavior [ RunTime:0.001000s ]
INFO: [ app_begin ] --END-- [ RunTime:0.001000s ]
INFO: [ view_parse ] --START--
INFO: [ template_filter ] --START--
INFO: Run Behavior\ContentReplaceBehavior [ RunTime:0.001000s ]
INFO: [ template_filter ] --END-- [ RunTime:0.001000s ]
INFO: Run Behavior\ParseTemplateBehavior [ RunTime:0.020001s ]
INFO: [ view_parse ] --END-- [ RunTime:0.020001s ]
INFO: [ view_filter ] --START--
INFO: Run Behavior\WriteHtmlCacheBehavior [ RunTime:0.001000s ]
INFO: [ view_filter ] --END-- [ RunTime:0.001000s ]
INFO: [ app_end ] --START--
INFO: Run Behavior\ShowPageTraceBehavior [ RunTime:0.002000s ]
INFO: [ app_end ] --END-- [ RunTime:0.002000s ]

[ 2016-10-05T21:44:23+08:00 ] 127.0.0.1 /index.php/Home/Product/baojiadanadd.html
INFO: [ app_init ] --START--
INFO: Run Behavior\BuildLiteBehavior [ RunTime:0.000000s ]
INFO: [ app_init ] --END-- [ RunTime:0.001000s ]
INFO: [ app_begin ] --START--
INFO: Run Behavior\ReadHtmlCacheBehavior [ RunTime:0.002001s ]
INFO: [ app_begin ] --END-- [ RunTime:0.002001s ]
INFO: [ view_parse ] --START--
INFO: [ template_filter ] --START--
INFO: Run Behavior\ContentReplaceBehavior [ RunTime:0.000000s ]
INFO: [ template_filter ] --END-- [ RunTime:0.000000s ]
INFO: Run Behavior\ParseTemplateBehavior [ RunTime:0.014000s ]
INFO: [ view_parse ] --END-- [ RunTime:0.014000s ]
INFO: [ view_filter ] --START--
INFO: Run Behavior\WriteHtmlCacheBehavior [ RunTime:0.000000s ]
INFO: [ view_filter ] --END-- [ RunTime:0.000000s ]
INFO: [ app_end ] --START--
INFO: Run Behavior\ShowPageTraceBehavior [ RunTime:0.001001s ]
INFO: [ app_end ] --END-- [ RunTime:0.001001s ]

[ 2016-10-05T21:44:45+08:00 ] 127.0.0.1 /index.php/Home/Product/baojiadanadd
INFO: [ app_init ] --START--
INFO: Run Behavior\BuildLiteBehavior [ RunTime:0.000000s ]
INFO: [ app_init ] --END-- [ RunTime:0.000000s ]
INFO: [ app_begin ] --START--
INFO: Run Behavior\ReadHtmlCacheBehavior [ RunTime:0.001000s ]
INFO: [ app_begin ] --END-- [ RunTime:0.001000s ]
INFO: [ view_parse ] --START--
INFO: [ template_filter ] --START--
INFO: Run Behavior\ContentReplaceBehavior [ RunTime:0.000000s ]
INFO: [ template_filter ] --END-- [ RunTime:0.001000s ]
INFO: Run Behavior\ParseTemplateBehavior [ RunTime:0.022001s ]
INFO: [ view_parse ] --END-- [ RunTime:0.022001s ]
INFO: [ view_filter ] --START--
INFO: Run Behavior\WriteHtmlCacheBehavior [ RunTime:0.001000s ]
INFO: [ view_filter ] --END-- [ RunTime:0.001000s ]
INFO: [ app_end ] --START--
INFO: Run Behavior\ShowPageTraceBehavior [ RunTime:0.001000s ]
INFO: [ app_end ] --END-- [ RunTime:0.001000s ]

[ 2016-10-05T21:45:01+08:00 ] 127.0.0.1 /index.php/Home/Product/baojiadanadd.html
INFO: [ app_init ] --START--
INFO: Run Behavior\BuildLiteBehavior [ RunTime:0.000000s ]
INFO: [ app_init ] --END-- [ RunTime:0.001000s ]
INFO: [ app_begin ] --START--
INFO: Run Behavior\ReadHtmlCacheBehavior [ RunTime:0.001000s ]
INFO: [ app_begin ] --END-- [ RunTime:0.001000s ]
INFO: [ view_parse ] --START--
INFO: [ template_filter ] --START--
INFO: Run Behavior\ContentReplaceBehavior [ RunTime:0.000000s ]
INFO: [ template_filter ] --END-- [ RunTime:0.000000s ]
INFO: Run Behavior\ParseTemplateBehavior [ RunTime:0.013001s ]
INFO: [ view_parse ] --END-- [ RunTime:0.013001s ]
INFO: [ view_filter ] --START--
INFO: Run Behavior\WriteHtmlCacheBehavior [ RunTime:0.000000s ]
INFO: [ view_filter ] --END-- [ RunTime:0.000000s ]
INFO: [ app_end ] --START--
INFO: Run Behavior\ShowPageTraceBehavior [ RunTime:0.000000s ]
INFO: [ app_end ] --END-- [ RunTime:0.000000s ]

[ 2016-10-05T21:45:28+08:00 ] 127.0.0.1 /index.php/Home/Product/baojiadanadd.html
INFO: [ app_init ] --START--
INFO: Run Behavior\BuildLiteBehavior [ RunTime:0.000000s ]
INFO: [ app_init ] --END-- [ RunTime:0.002000s ]
INFO: [ app_begin ] --START--
INFO: Run Behavior\ReadHtmlCacheBehavior [ RunTime:0.005000s ]
INFO: [ app_begin ] --END-- [ RunTime:0.005000s ]
INFO: [ view_parse ] --START--
INFO: [ template_filter ] --START--
INFO: Run Behavior\ContentReplaceBehavior [ RunTime:0.001000s ]
INFO: [ template_filter ] --END-- [ RunTime:0.001000s ]
INFO: Run Behavior\ParseTemplateBehavior [ RunTime:0.033002s ]
INFO: [ view_parse ] --END-- [ RunTime:0.033002s ]
INFO: [ view_filter ] --START--
INFO: Run Behavior\WriteHtmlCacheBehavior [ RunTime:0.001000s ]
INFO: [ view_filter ] --END-- [ RunTime:0.001000s ]
INFO: [ app_end ] --START--
INFO: Run Behavior\ShowPageTraceBehavior [ RunTime:0.001000s ]
INFO: [ app_end ] --END-- [ RunTime:0.001000s ]

[ 2016-10-05T21:45:49+08:00 ] 127.0.0.1 /index.php/Home/Product/baojiadanadd.html
INFO: [ app_init ] --START--
INFO: Run Behavior\BuildLiteBehavior [ RunTime:0.000000s ]
INFO: [ app_init ] --END-- [ RunTime:0.000000s ]
INFO: [ app_begin ] --START--
INFO: Run Behavior\ReadHtmlCacheBehavior [ RunTime:0.001000s ]
INFO: [ app_begin ] --END-- [ RunTime:0.001000s ]

[ 2016-10-05T21:46:02+08:00 ] 127.0.0.1 /index.php/Home/Product/baojiadanadd.html
INFO: [ app_init ] --START--
INFO: Run Behavior\BuildLiteBehavior [ RunTime:0.000000s ]
INFO: [ app_init ] --END-- [ RunTime:0.000000s ]
INFO: [ app_begin ] --START--
INFO: Run Behavior\ReadHtmlCacheBehavior [ RunTime:0.001000s ]
INFO: [ app_begin ] --END-- [ RunTime:0.001000s ]
INFO: [ view_parse ] --START--
INFO: [ template_filter ] --START--
INFO: Run Behavior\ContentReplaceBehavior [ RunTime:0.000000s ]
INFO: [ template_filter ] --END-- [ RunTime:0.000000s ]
INFO: Run Behavior\ParseTemplateBehavior [ RunTime:0.023001s ]
INFO: [ view_parse ] --END-- [ RunTime:0.023001s ]
INFO: [ view_filter ] --START--
INFO: Run Behavior\WriteHtmlCacheBehavior [ RunTime:0.000000s ]
INFO: [ view_filter ] --END-- [ RunTime:0.000000s ]
INFO: [ app_end ] --START--
INFO: Run Behavior\ShowPageTraceBehavior [ RunTime:0.001000s ]
INFO: [ app_end ] --END-- [ RunTime:0.001000s ]

[ 2016-10-05T21:46:05+08:00 ] 127.0.0.1 /index.php/Home/Product/baojiadanadd.html
INFO: [ app_init ] --START--
INFO: Run Behavior\BuildLiteBehavior [ RunTime:0.000000s ]
INFO: [ app_init ] --END-- [ RunTime:0.001001s ]
INFO: [ app_begin ] --START--
INFO: Run Behavior\ReadHtmlCacheBehavior [ RunTime:0.001000s ]
INFO: [ app_begin ] --END-- [ RunTime:0.001000s ]
INFO: [ view_parse ] --START--
INFO: [ template_filter ] --START--
INFO: Run Behavior\ContentReplaceBehavior [ RunTime:0.000000s ]
INFO: [ template_filter ] --END-- [ RunTime:0.000000s ]
INFO: Run Behavior\ParseTemplateBehavior [ RunTime:0.025001s ]
INFO: [ view_parse ] --END-- [ RunTime:0.025001s ]
INFO: [ view_filter ] --START--
INFO: Run Behavior\WriteHtmlCacheBehavior [ RunTime:0.001000s ]
INFO: [ view_filter ] --END-- [ RunTime:0.001000s ]
INFO: [ app_end ] --START--
INFO: Run Behavior\ShowPageTraceBehavior [ RunTime:0.001001s ]
INFO: [ app_end ] --END-- [ RunTime:0.001001s ]

[ 2016-10-05T21:46:18+08:00 ] 127.0.0.1 /index.php/Home/Product/baojiadanadd.html
INFO: [ app_init ] --START--
INFO: Run Behavior\BuildLiteBehavior [ RunTime:0.000000s ]
INFO: [ app_init ] --END-- [ RunTime:0.001000s ]
INFO: [ app_begin ] --START--
INFO: Run Behavior\ReadHtmlCacheBehavior [ RunTime:0.001000s ]
INFO: [ app_begin ] --END-- [ RunTime:0.001000s ]
INFO: [ view_parse ] --START--
INFO: [ template_filter ] --START--
INFO: Run Behavior\ContentReplaceBehavior [ RunTime:0.001000s ]
INFO: [ template_filter ] --END-- [ RunTime:0.001000s ]
INFO: Run Behavior\ParseTemplateBehavior [ RunTime:0.020002s ]
INFO: [ view_parse ] --END-- [ RunTime:0.020002s ]
INFO: [ view_filter ] --START--
INFO: Run Behavior\WriteHtmlCacheBehavior [ RunTime:0.001000s ]
INFO: [ view_filter ] --END-- [ RunTime:0.001000s ]
INFO: [ app_end ] --START--
INFO: Run Behavior\ShowPageTraceBehavior [ RunTime:0.001000s ]
INFO: [ app_end ] --END-- [ RunTime:0.001000s ]

[ 2016-10-05T21:46:35+08:00 ] 127.0.0.1 /index.php/Home/Product/baojiadanadd
INFO: [ app_init ] --START--
INFO: Run Behavior\BuildLiteBehavior [ RunTime:0.000000s ]
INFO: [ app_init ] --END-- [ RunTime:0.001000s ]
INFO: [ app_begin ] --START--
INFO: Run Behavior\ReadHtmlCacheBehavior [ RunTime:0.001000s ]
INFO: [ app_begin ] --END-- [ RunTime:0.001000s ]
INFO: [ view_parse ] --START--
INFO: [ template_filter ] --START--
INFO: Run Behavior\ContentReplaceBehavior [ RunTime:0.000000s ]
INFO: [ template_filter ] --END-- [ RunTime:0.000000s ]
INFO: Run Behavior\ParseTemplateBehavior [ RunTime:0.018002s ]
INFO: [ view_parse ] --END-- [ RunTime:0.019002s ]
INFO: [ view_filter ] --START--
INFO: Run Behavior\WriteHtmlCacheBehavior [ RunTime:0.000000s ]
INFO: [ view_filter ] --END-- [ RunTime:0.000000s ]
INFO: [ app_end ] --START--
INFO: Run Behavior\ShowPageTraceBehavior [ RunTime:0.002000s ]
INFO: [ app_end ] --END-- [ RunTime:0.002000s ]

[ 2016-10-05T21:46:47+08:00 ] 127.0.0.1 /index.php/Home/Product/baojiadanadd
INFO: [ app_init ] --START--
INFO: Run Behavior\BuildLiteBehavior [ RunTime:0.000000s ]
INFO: [ app_init ] --END-- [ RunTime:0.001000s ]
INFO: [ app_begin ] --START--
INFO: Run Behavior\ReadHtmlCacheBehavior [ RunTime:0.001000s ]
INFO: [ app_begin ] --END-- [ RunTime:0.001000s ]
INFO: [ view_parse ] --START--
INFO: [ template_filter ] --START--
INFO: Run Behavior\ContentReplaceBehavior [ RunTime:0.000000s ]
INFO: [ template_filter ] --END-- [ RunTime:0.000000s ]
INFO: Run Behavior\ParseTemplateBehavior [ RunTime:0.014001s ]
INFO: [ view_parse ] --END-- [ RunTime:0.014001s ]
INFO: [ view_filter ] --START--
INFO: Run Behavior\WriteHtmlCacheBehavior [ RunTime:0.000000s ]
INFO: [ view_filter ] --END-- [ RunTime:0.000000s ]
INFO: [ app_end ] --START--
INFO: Run Behavior\ShowPageTraceBehavior [ RunTime:0.000000s ]
INFO: [ app_end ] --END-- [ RunTime:0.001000s ]

[ 2016-10-05T21:47:52+08:00 ] 127.0.0.1 /index.php/Home/Product/baojiadanadd
INFO: [ app_init ] --START--
INFO: Run Behavior\BuildLiteBehavior [ RunTime:0.000000s ]
INFO: [ app_init ] --END-- [ RunTime:0.001000s ]
INFO: [ app_begin ] --START--
INFO: Run Behavior\ReadHtmlCacheBehavior [ RunTime:0.000000s ]
INFO: [ app_begin ] --END-- [ RunTime:0.000000s ]
INFO: [ view_parse ] --START--
INFO: [ template_filter ] --START--
INFO: Run Behavior\ContentReplaceBehavior [ RunTime:0.000000s ]
INFO: [ template_filter ] --END-- [ RunTime:0.000000s ]
INFO: Run Behavior\ParseTemplateBehavior [ RunTime:0.015000s ]
INFO: [ view_parse ] --END-- [ RunTime:0.015000s ]
INFO: [ view_filter ] --START--
INFO: Run Behavior\WriteHtmlCacheBehavior [ RunTime:0.001001s ]
INFO: [ view_filter ] --END-- [ RunTime:0.001001s ]
INFO: [ app_end ] --START--
INFO: Run Behavior\ShowPageTraceBehavior [ RunTime:0.001000s ]
INFO: [ app_end ] --END-- [ RunTime:0.001000s ]

[ 2016-10-05T21:48:01+08:00 ] 127.0.0.1 /index.php/Home/Product/baojiadanadd.html
INFO: [ app_init ] --START--
INFO: Run Behavior\BuildLiteBehavior [ RunTime:0.000000s ]
INFO: [ app_init ] --END-- [ RunTime:0.001000s ]
INFO: [ app_begin ] --START--
INFO: Run Behavior\ReadHtmlCacheBehavior [ RunTime:0.001000s ]
INFO: [ app_begin ] --END-- [ RunTime:0.001000s ]
INFO: [ view_parse ] --START--
INFO: [ template_filter ] --START--
INFO: Run Behavior\ContentReplaceBehavior [ RunTime:0.000000s ]
INFO: [ template_filter ] --END-- [ RunTime:0.001000s ]
INFO: Run Behavior\ParseTemplateBehavior [ RunTime:0.022002s ]
INFO: [ view_parse ] --END-- [ RunTime:0.022002s ]
INFO: [ view_filter ] --START--
INFO: Run Behavior\WriteHtmlCacheBehavior [ RunTime:0.001000s ]
INFO: [ view_filter ] --END-- [ RunTime:0.001000s ]
INFO: [ app_end ] --START--
INFO: Run Behavior\ShowPageTraceBehavior [ RunTime:0.001000s ]
INFO: [ app_end ] --END-- [ RunTime:0.001000s ]

[ 2016-10-05T21:48:28+08:00 ] 127.0.0.1 /index.php/Home/Product/baojiadanadd.html
INFO: [ app_init ] --START--
INFO: Run Behavior\BuildLiteBehavior [ RunTime:0.000000s ]
INFO: [ app_init ] --END-- [ RunTime:0.000000s ]
INFO: [ app_begin ] --START--
INFO: Run Behavior\ReadHtmlCacheBehavior [ RunTime:0.001000s ]
INFO: [ app_begin ] --END-- [ RunTime:0.001000s ]
INFO: [ view_parse ] --START--
INFO: [ template_filter ] --START--
INFO: Run Behavior\ContentReplaceBehavior [ RunTime:0.000000s ]
INFO: [ template_filter ] --END-- [ RunTime:0.000000s ]
INFO: Run Behavior\ParseTemplateBehavior [ RunTime:0.014001s ]
INFO: [ view_parse ] --END-- [ RunTime:0.014001s ]
INFO: [ view_filter ] --START--
INFO: Run Behavior\WriteHtmlCacheBehavior [ RunTime:0.000000s ]
INFO: [ view_filter ] --END-- [ RunTime:0.001000s ]
INFO: [ app_end ] --START--
INFO: Run Behavior\ShowPageTraceBehavior [ RunTime:0.001000s ]
INFO: [ app_end ] --END-- [ RunTime:0.001000s ]

[ 2016-10-05T21:48:39+08:00 ] 127.0.0.1 /index.php/Home/User/purchaseadd.html
INFO: [ app_init ] --START--
INFO: Run Behavior\BuildLiteBehavior [ RunTime:0.000000s ]
INFO: [ app_init ] --END-- [ RunTime:0.001000s ]
INFO: [ app_begin ] --START--
INFO: Run Behavior\ReadHtmlCacheBehavior [ RunTime:0.002000s ]
INFO: [ app_begin ] --END-- [ RunTime:0.002000s ]
INFO: [ view_parse ] --START--
INFO: [ template_filter ] --START--
INFO: Run Behavior\ContentReplaceBehavior [ RunTime:0.000000s ]
INFO: [ template_filter ] --END-- [ RunTime:0.001000s ]
INFO: Run Behavior\ParseTemplateBehavior [ RunTime:0.020001s ]
INFO: [ view_parse ] --END-- [ RunTime:0.020001s ]
INFO: [ view_filter ] --START--
INFO: Run Behavior\WriteHtmlCacheBehavior [ RunTime:0.001000s ]
INFO: [ view_filter ] --END-- [ RunTime:0.001000s ]
INFO: [ app_end ] --START--
INFO: Run Behavior\ShowPageTraceBehavior [ RunTime:0.002000s ]
INFO: [ app_end ] --END-- [ RunTime:0.002000s ]

[ 2016-10-05T21:49:10+08:00 ] 127.0.0.1 /index.php/Home/Product/baojiadanadd
INFO: [ app_init ] --START--
INFO: Run Behavior\BuildLiteBehavior [ RunTime:0.000000s ]
INFO: [ app_init ] --END-- [ RunTime:0.000000s ]
INFO: [ app_begin ] --START--
INFO: Run Behavior\ReadHtmlCacheBehavior [ RunTime:0.001000s ]
INFO: [ app_begin ] --END-- [ RunTime:0.001000s ]
INFO: [ view_parse ] --START--
INFO: [ template_filter ] --START--
INFO: Run Behavior\ContentReplaceBehavior [ RunTime:0.001000s ]
INFO: [ template_filter ] --END-- [ RunTime:0.001000s ]
INFO: Run Behavior\ParseTemplateBehavior [ RunTime:0.014001s ]
INFO: [ view_parse ] --END-- [ RunTime:0.014001s ]
INFO: [ view_filter ] --START--
INFO: Run Behavior\WriteHtmlCacheBehavior [ RunTime:0.000000s ]
INFO: [ view_filter ] --END-- [ RunTime:0.000000s ]
INFO: [ app_end ] --START--
INFO: Run Behavior\ShowPageTraceBehavior [ RunTime:0.001000s ]
INFO: [ app_end ] --END-- [ RunTime:0.001000s ]

[ 2016-10-05T21:49:24+08:00 ] 127.0.0.1 /index.php/Home/Product/baojiadanadd
INFO: [ app_init ] --START--
INFO: Run Behavior\BuildLiteBehavior [ RunTime:0.000000s ]
INFO: [ app_init ] --END-- [ RunTime:0.000000s ]
INFO: [ app_begin ] --START--
INFO: Run Behavior\ReadHtmlCacheBehavior [ RunTime:0.000000s ]
INFO: [ app_begin ] --END-- [ RunTime:0.000000s ]
INFO: [ view_parse ] --START--
INFO: [ template_filter ] --START--
INFO: Run Behavior\ContentReplaceBehavior [ RunTime:0.001000s ]
INFO: [ template_filter ] --END-- [ RunTime:0.001000s ]
INFO: Run Behavior\ParseTemplateBehavior [ RunTime:0.019001s ]
INFO: [ view_parse ] --END-- [ RunTime:0.019001s ]
INFO: [ view_filter ] --START--
INFO: Run Behavior\WriteHtmlCacheBehavior [ RunTime:0.002000s ]
INFO: [ view_filter ] --END-- [ RunTime:0.002000s ]
INFO: [ app_end ] --START--
INFO: Run Behavior\ShowPageTraceBehavior [ RunTime:0.002000s ]
INFO: [ app_end ] --END-- [ RunTime:0.002000s ]

[ 2016-10-05T21:49:30+08:00 ] 127.0.0.1 /index.php/Home/Product/baojiadana
INFO: [ app_init ] --START--
INFO: Run Behavior\BuildLiteBehavior [ RunTime:0.000000s ]
INFO: [ app_init ] --END-- [ RunTime:0.001000s ]
INFO: [ app_begin ] --START--
INFO: Run Behavior\ReadHtmlCacheBehavior [ RunTime:0.002000s ]
INFO: [ app_begin ] --END-- [ RunTime:0.002000s ]
ERR: 非法操作:baojiadana

[ 2016-10-05T21:49:35+08:00 ] 127.0.0.1 /index.php/Home/Product/baojiadanadd
INFO: [ app_init ] --START--
INFO: Run Behavior\BuildLiteBehavior [ RunTime:0.000000s ]
INFO: [ app_init ] --END-- [ RunTime:0.001000s ]
INFO: [ app_begin ] --START--
INFO: Run Behavior\ReadHtmlCacheBehavior [ RunTime:0.001000s ]
INFO: [ app_begin ] --END-- [ RunTime:0.001000s ]
INFO: [ view_parse ] --START--
INFO: [ template_filter ] --START--
INFO: Run Behavior\ContentReplaceBehavior [ RunTime:0.000000s ]
INFO: [ template_filter ] --END-- [ RunTime:0.000000s ]
INFO: Run Behavior\ParseTemplateBehavior [ RunTime:0.015001s ]
INFO: [ view_parse ] --END-- [ RunTime:0.015001s ]
INFO: [ view_filter ] --START--
INFO: Run Behavior\WriteHtmlCacheBehavior [ RunTime:0.000000s ]
INFO: [ view_filter ] --END-- [ RunTime:0.000000s ]
INFO: [ app_end ] --START--
INFO: Run Behavior\ShowPageTraceBehavior [ RunTime:0.000000s ]
INFO: [ app_end ] --END-- [ RunTime:0.000000s ]

[ 2016-10-05T21:49:48+08:00 ] 127.0.0.1 /index.php/Home/Product/addbaojiandan_bgd.html
INFO: [ app_init ] --START--
INFO: Run Behavior\BuildLiteBehavior [ RunTime:0.000000s ]
INFO: [ app_init ] --END-- [ RunTime:0.001000s ]
INFO: [ app_begin ] --START--
INFO: Run Behavior\ReadHtmlCacheBehavior [ RunTime:0.001000s ]
INFO: [ app_begin ] --END-- [ RunTime:0.001000s ]
SQL: SHOW COLUMNS FROM `tb_order_supply` [ RunTime:0.0660s ]
SQL: INSERT INTO `tb_order_supply` (`ordercode`,`createdby`,`companyid`,`statusid`,`instime`,`updatetime`,`deliveryplace`,`deliverydate`,`comments`) VALUES ('2016100521499823','0','0','1','2016-10-05 21:49:47','2016-10-05 21:49:47','','','') [ RunTime:0.0650s ]
SQL: SHOW COLUMNS FROM `tb_detail_supply` [ RunTime:0.0620s ]
ERR: 1452:Cannot add or update a child row: a foreign key constraint fails (`qdm122976199_db`.`tb_detail_supply`, CONSTRAINT `tb_detail_supply_ibfk_2` FOREIGN KEY (`varietyid`) REFERENCES `tb_mm_variety` (`varietyid`))
 [ SQL语句 ] : INSERT INTO `tb_detail_supply` (`orderid`,`varietyid`,`gradeid`,`factoryid`,`specid`,`quantity`,`unitid`,`unitprice`,`claddingid`,`comments`,`instime`,`updatetime`) VALUES ('43','0','0','0','1','0','0','0','1','','2016-10-05 21:49:48','2016-10-05 21:49:48')
ERR: 1452:Cannot add or update a child row: a foreign key constraint fails (`qdm122976199_db`.`tb_detail_supply`, CONSTRAINT `tb_detail_supply_ibfk_2` FOREIGN KEY (`varietyid`) REFERENCES `tb_mm_variety` (`varietyid`))
 [ SQL语句 ] : INSERT INTO `tb_detail_supply` (`orderid`,`varietyid`,`gradeid`,`factoryid`,`specid`,`quantity`,`unitid`,`unitprice`,`claddingid`,`comments`,`instime`,`updatetime`) VALUES ('43','0','0','0','1','0','0','0','1','','2016-10-05 21:49:48','2016-10-05 21:49:48')

[ 2016-10-05T21:50:31+08:00 ] 127.0.0.1 /index.php/Home/Purchase/purchaseadd
INFO: [ app_init ] --START--
INFO: Run Behavior\BuildLiteBehavior [ RunTime:0.000000s ]
INFO: [ app_init ] --END-- [ RunTime:0.001000s ]
INFO: [ app_begin ] --START--
INFO: Run Behavior\ReadHtmlCacheBehavior [ RunTime:0.001000s ]
INFO: [ app_begin ] --END-- [ RunTime:0.001000s ]
SQL: SHOW COLUMNS FROM `tb_mm_variety` [ RunTime:0.1200s ]
SQL: SELECT `varietyid`,`varietyname` FROM `tb_mm_variety` WHERE ( delstatus=0 )  [ RunTime:0.0650s ]
SQL: SHOW COLUMNS FROM `tb_mm_grade` [ RunTime:0.0590s ]
SQL: select g.varietyid,v.varietyname,g.gradeid,g.gradename from tb_mm_grade g inner join tb_mm_variety v on g.varietyid=v.varietyid where g.delstatus=0 order by g.gradeid [ RunTime:0.0620s ]
SQL: SHOW COLUMNS FROM `tb_manufacturer` [ RunTime:0.0900s ]
SQL: SELECT `factoryid`,`factoryname` FROM `tb_manufacturer` WHERE ( delstatus=0 )  [ RunTime:0.0620s ]
SQL: SHOW COLUMNS FROM `tb_mm_specification` [ RunTime:0.0600s ]
SQL: SELECT `specid`,`specname` FROM `tb_mm_specification` WHERE ( delstatus=0 )  [ RunTime:0.0610s ]
SQL: SHOW COLUMNS FROM `tb_mm_claddingmaterial` [ RunTime:0.0590s ]
SQL: SELECT `claddingid`,`claddingname` FROM `tb_mm_claddingmaterial` WHERE ( delstatus=0 )  [ RunTime:0.0660s ]
ERR: 模板不存在:./magnetic/Home/View/Purchase/purchaseadd.html

[ 2016-10-05T21:51:40+08:00 ] 127.0.0.1 /index.php/Home/Product/baojiadan
INFO: [ app_init ] --START--
INFO: Run Behavior\BuildLiteBehavior [ RunTime:0.000000s ]
INFO: [ app_init ] --END-- [ RunTime:0.001000s ]
INFO: [ app_begin ] --START--
INFO: Run Behavior\ReadHtmlCacheBehavior [ RunTime:0.001000s ]
INFO: [ app_begin ] --END-- [ RunTime:0.001000s ]
ERR: 非法操作:baojiadan

[ 2016-10-05T21:51:43+08:00 ] 127.0.0.1 /index.php/Home/Product/baojiadanadd
INFO: [ app_init ] --START--
INFO: Run Behavior\BuildLiteBehavior [ RunTime:0.000000s ]
INFO: [ app_init ] --END-- [ RunTime:0.001000s ]
INFO: [ app_begin ] --START--
INFO: Run Behavior\ReadHtmlCacheBehavior [ RunTime:0.001000s ]
INFO: [ app_begin ] --END-- [ RunTime:0.001000s ]
INFO: [ view_parse ] --START--
INFO: [ template_filter ] --START--
INFO: Run Behavior\ContentReplaceBehavior [ RunTime:0.001000s ]
INFO: [ template_filter ] --END-- [ RunTime:0.001000s ]
INFO: Run Behavior\ParseTemplateBehavior [ RunTime:0.021002s ]
INFO: [ view_parse ] --END-- [ RunTime:0.021002s ]
INFO: [ view_filter ] --START--
INFO: Run Behavior\WriteHtmlCacheBehavior [ RunTime:0.000000s ]
INFO: [ view_filter ] --END-- [ RunTime:0.000000s ]
INFO: [ app_end ] --START--
INFO: Run Behavior\ShowPageTraceBehavior [ RunTime:0.001000s ]
INFO: [ app_end ] --END-- [ RunTime:0.001000s ]

[ 2016-10-05T21:53:30+08:00 ] 127.0.0.1 /index.php/Home/Product/baojiadanadd.html
INFO: [ app_init ] --START--
INFO: Run Behavior\BuildLiteBehavior [ RunTime:0.000000s ]
INFO: [ app_init ] --END-- [ RunTime:0.001000s ]
INFO: [ app_begin ] --START--
INFO: Run Behavior\ReadHtmlCacheBehavior [ RunTime:0.001000s ]
INFO: [ app_begin ] --END-- [ RunTime:0.001000s ]
INFO: [ view_parse ] --START--
INFO: [ template_filter ] --START--
INFO: Run Behavior\ContentReplaceBehavior [ RunTime:0.000000s ]
INFO: [ template_filter ] --END-- [ RunTime:0.001000s ]
INFO: Run Behavior\ParseTemplateBehavior [ RunTime:0.019001s ]
INFO: [ view_parse ] --END-- [ RunTime:0.019001s ]
INFO: [ view_filter ] --START--
INFO: Run Behavior\WriteHtmlCacheBehavior [ RunTime:0.001000s ]
INFO: [ view_filter ] --END-- [ RunTime:0.001000s ]
INFO: [ app_end ] --START--
INFO: Run Behavior\ShowPageTraceBehavior [ RunTime:0.002000s ]
INFO: [ app_end ] --END-- [ RunTime:0.002000s ]

[ 2016-10-05T22:04:12+08:00 ] 127.0.0.1 /index.php/Home/purchase/purchaseadd
INFO: [ app_init ] --START--
INFO: Run Behavior\BuildLiteBehavior [ RunTime:0.000000s ]
INFO: [ app_init ] --END-- [ RunTime:0.001000s ]
INFO: [ app_begin ] --START--
INFO: Run Behavior\ReadHtmlCacheBehavior [ RunTime:0.001000s ]
INFO: [ app_begin ] --END-- [ RunTime:0.002000s ]
SQL: SHOW COLUMNS FROM `tb_mm_variety` [ RunTime:0.1120s ]
SQL: SELECT `varietyid`,`varietyname` FROM `tb_mm_variety` WHERE ( delstatus=0 )  [ RunTime:0.1250s ]
SQL: SHOW COLUMNS FROM `tb_mm_grade` [ RunTime:0.1280s ]
SQL: select g.varietyid,v.varietyname,g.gradeid,g.gradename from tb_mm_grade g inner join tb_mm_variety v on g.varietyid=v.varietyid where g.delstatus=0 order by g.gradeid [ RunTime:0.0690s ]
SQL: SHOW COLUMNS FROM `tb_manufacturer` [ RunTime:0.1000s ]
SQL: SELECT `factoryid`,`factoryname` FROM `tb_manufacturer` WHERE ( delstatus=0 )  [ RunTime:0.0690s ]
SQL: SHOW COLUMNS FROM `tb_mm_specification` [ RunTime:0.1410s ]
SQL: SELECT `specid`,`specname` FROM `tb_mm_specification` WHERE ( delstatus=0 )  [ RunTime:0.0790s ]
SQL: SHOW COLUMNS FROM `tb_mm_claddingmaterial` [ RunTime:0.0860s ]
SQL: SELECT `claddingid`,`claddingname` FROM `tb_mm_claddingmaterial` WHERE ( delstatus=0 )  [ RunTime:0.0910s ]
INFO: [ view_parse ] --START--
INFO: [ template_filter ] --START--
INFO: Run Behavior\ContentReplaceBehavior [ RunTime:0.000000s ]
INFO: [ template_filter ] --END-- [ RunTime:0.001000s ]
INFO: Run Behavior\ParseTemplateBehavior [ RunTime:0.072004s ]
INFO: [ view_parse ] --END-- [ RunTime:0.072004s ]
INFO: [ view_filter ] --START--
INFO: Run Behavior\WriteHtmlCacheBehavior [ RunTime:0.001000s ]
INFO: [ view_filter ] --END-- [ RunTime:0.001000s ]
INFO: [ app_end ] --START--
INFO: Run Behavior\ShowPageTraceBehavior [ RunTime:0.001000s ]
INFO: [ app_end ] --END-- [ RunTime:0.002000s ]

[ 2016-10-05T22:04:28+08:00 ] 127.0.0.1 /index.php/Home/purchase/purchaseadd
INFO: [ app_init ] --START--
INFO: Run Behavior\BuildLiteBehavior [ RunTime:0.000000s ]
INFO: [ app_init ] --END-- [ RunTime:0.000000s ]
INFO: [ app_begin ] --START--
INFO: Run Behavior\ReadHtmlCacheBehavior [ RunTime:0.001000s ]
INFO: [ app_begin ] --END-- [ RunTime:0.001000s ]
SQL: SHOW COLUMNS FROM `tb_mm_variety` [ RunTime:0.1050s ]
SQL: SELECT `varietyid`,`varietyname` FROM `tb_mm_variety` WHERE ( delstatus=0 )  [ RunTime:0.1740s ]
SQL: SHOW COLUMNS FROM `tb_mm_grade` [ RunTime:0.1000s ]
SQL: select g.varietyid,v.varietyname,g.gradeid,g.gradename from tb_mm_grade g inner join tb_mm_variety v on g.varietyid=v.varietyid where g.delstatus=0 order by g.gradeid [ RunTime:0.2010s ]
SQL: SHOW COLUMNS FROM `tb_manufacturer` [ RunTime:0.1030s ]
SQL: SELECT `factoryid`,`factoryname` FROM `tb_manufacturer` WHERE ( delstatus=0 )  [ RunTime:0.1020s ]
SQL: SHOW COLUMNS FROM `tb_mm_specification` [ RunTime:0.1610s ]
SQL: SELECT `specid`,`specname` FROM `tb_mm_specification` WHERE ( delstatus=0 )  [ RunTime:0.0930s ]
SQL: SHOW COLUMNS FROM `tb_mm_claddingmaterial` [ RunTime:0.0900s ]
SQL: SELECT `claddingid`,`claddingname` FROM `tb_mm_claddingmaterial` WHERE ( delstatus=0 )  [ RunTime:0.0960s ]
INFO: [ view_parse ] --START--
INFO: [ template_filter ] --START--
INFO: Run Behavior\ContentReplaceBehavior [ RunTime:0.000000s ]
INFO: [ template_filter ] --END-- [ RunTime:0.000000s ]
INFO: Run Behavior\ParseTemplateBehavior [ RunTime:0.033002s ]
INFO: [ view_parse ] --END-- [ RunTime:0.033002s ]
INFO: [ view_filter ] --START--
INFO: Run Behavior\WriteHtmlCacheBehavior [ RunTime:0.001000s ]
INFO: [ view_filter ] --END-- [ RunTime:0.001000s ]
INFO: [ app_end ] --START--
INFO: Run Behavior\ShowPageTraceBehavior [ RunTime:0.002001s ]
INFO: [ app_end ] --END-- [ RunTime:0.002001s ]

[ 2016-10-05T22:05:21+08:00 ] 127.0.0.1 /index.php/Home/Product/baojiadanadd.html
INFO: [ app_init ] --START--
INFO: Run Behavior\BuildLiteBehavior [ RunTime:0.000000s ]
INFO: [ app_init ] --END-- [ RunTime:0.001000s ]
INFO: [ app_begin ] --START--
INFO: Run Behavior\ReadHtmlCacheBehavior [ RunTime:0.002000s ]
INFO: [ app_begin ] --END-- [ RunTime:0.002000s ]
INFO: [ view_parse ] --START--
INFO: [ template_filter ] --START--
INFO: Run Behavior\ContentReplaceBehavior [ RunTime:0.000000s ]
INFO: [ template_filter ] --END-- [ RunTime:0.000000s ]
INFO: Run Behavior\ParseTemplateBehavior [ RunTime:0.021001s ]
INFO: [ view_parse ] --END-- [ RunTime:0.021001s ]
INFO: [ view_filter ] --START--
INFO: Run Behavior\WriteHtmlCacheBehavior [ RunTime:0.000000s ]
INFO: [ view_filter ] --END-- [ RunTime:0.000000s ]
INFO: [ app_end ] --START--
INFO: Run Behavior\ShowPageTraceBehavior [ RunTime:0.001000s ]
INFO: [ app_end ] --END-- [ RunTime:0.001000s ]

[ 2016-10-05T22:05:54+08:00 ] 127.0.0.1 /index.php/Home/Product/baojiadanadd.html
INFO: [ app_init ] --START--
INFO: Run Behavior\BuildLiteBehavior [ RunTime:0.000000s ]
INFO: [ app_init ] --END-- [ RunTime:0.001000s ]
INFO: [ app_begin ] --START--
INFO: Run Behavior\ReadHtmlCacheBehavior [ RunTime:0.002001s ]
INFO: [ app_begin ] --END-- [ RunTime:0.002001s ]
SQL: SHOW COLUMNS FROM `tb_mm_variety` [ RunTime:0.3110s ]
SQL: SELECT `varietyid`,`varietyname` FROM `tb_mm_variety` WHERE ( delstatus=0 )  [ RunTime:0.2000s ]
SQL: SHOW COLUMNS FROM `tb_mm_grade` [ RunTime:0.1130s ]
SQL: select g.varietyid,v.varietyname,g.gradeid,g.gradename from tb_mm_grade g inner join tb_mm_variety v on g.varietyid=v.varietyid where g.delstatus=0 order by g.gradeid [ RunTime:0.1910s ]
SQL: SHOW COLUMNS FROM `tb_manufacturer` [ RunTime:0.1000s ]
SQL: SELECT `factoryid`,`factoryname` FROM `tb_manufacturer` WHERE ( delstatus=0 )  [ RunTime:0.0960s ]
SQL: SHOW COLUMNS FROM `tb_mm_specification` [ RunTime:0.0930s ]
SQL: SELECT `specid`,`specname` FROM `tb_mm_specification` WHERE ( delstatus=0 )  [ RunTime:0.0940s ]
SQL: SHOW COLUMNS FROM `tb_mm_claddingmaterial` [ RunTime:0.0920s ]
SQL: SELECT `claddingid`,`claddingname` FROM `tb_mm_claddingmaterial` WHERE ( delstatus=0 )  [ RunTime:0.0950s ]
INFO: [ view_parse ] --START--
INFO: [ template_filter ] --START--
INFO: Run Behavior\ContentReplaceBehavior [ RunTime:0.001000s ]
INFO: [ template_filter ] --END-- [ RunTime:0.001000s ]
INFO: Run Behavior\ParseTemplateBehavior [ RunTime:0.039002s ]
INFO: [ view_parse ] --END-- [ RunTime:0.039002s ]
INFO: [ view_filter ] --START--
INFO: Run Behavior\WriteHtmlCacheBehavior [ RunTime:0.001000s ]
INFO: [ view_filter ] --END-- [ RunTime:0.002001s ]
INFO: [ app_end ] --START--
INFO: Run Behavior\ShowPageTraceBehavior [ RunTime:0.002000s ]
INFO: [ app_end ] --END-- [ RunTime:0.002000s ]

[ 2016-10-05T22:11:22+08:00 ] 127.0.0.1 /index.php/Home/Product/baojiadanadd.html
INFO: [ app_init ] --START--
INFO: Run Behavior\BuildLiteBehavior [ RunTime:0.000000s ]
INFO: [ app_init ] --END-- [ RunTime:0.001000s ]
INFO: [ app_begin ] --START--
INFO: Run Behavior\ReadHtmlCacheBehavior [ RunTime:0.002000s ]
INFO: [ app_begin ] --END-- [ RunTime:0.002000s ]
SQL: SHOW COLUMNS FROM `tb_mm_variety` [ RunTime:0.0700s ]
SQL: SELECT `varietyid`,`varietyname` FROM `tb_mm_variety` WHERE ( delstatus=0 )  [ RunTime:0.0670s ]
SQL: SHOW COLUMNS FROM `tb_mm_grade` [ RunTime:0.0670s ]
SQL: select g.varietyid,v.varietyname,g.gradeid,g.gradename from tb_mm_grade g inner join tb_mm_variety v on g.varietyid=v.varietyid where g.delstatus=0 order by g.gradeid [ RunTime:0.0690s ]
SQL: SHOW COLUMNS FROM `tb_manufacturer` [ RunTime:0.1010s ]
SQL: SELECT `factoryid`,`factoryname` FROM `tb_manufacturer` WHERE ( delstatus=0 )  [ RunTime:0.0690s ]
SQL: SHOW COLUMNS FROM `tb_mm_specification` [ RunTime:0.0700s ]
SQL: SELECT `specid`,`specname` FROM `tb_mm_specification` WHERE ( delstatus=0 )  [ RunTime:0.0680s ]
SQL: SHOW COLUMNS FROM `tb_mm_claddingmaterial` [ RunTime:0.0660s ]
SQL: SELECT `claddingid`,`claddingname` FROM `tb_mm_claddingmaterial` WHERE ( delstatus=0 )  [ RunTime:0.1850s ]
INFO: [ view_parse ] --START--
INFO: [ template_filter ] --START--
INFO: Run Behavior\ContentReplaceBehavior [ RunTime:0.001000s ]
INFO: [ template_filter ] --END-- [ RunTime:0.001000s ]
INFO: Run Behavior\ParseTemplateBehavior [ RunTime:0.062003s ]
INFO: [ view_parse ] --END-- [ RunTime:0.062003s ]
INFO: [ view_filter ] --START--
INFO: Run Behavior\WriteHtmlCacheBehavior [ RunTime:0.001000s ]
INFO: [ view_filter ] --END-- [ RunTime:0.001000s ]
INFO: [ app_end ] --START--
INFO: Run Behavior\ShowPageTraceBehavior [ RunTime:0.001001s ]
INFO: [ app_end ] --END-- [ RunTime:0.001001s ]

[ 2016-10-05T22:11:30+08:00 ] 127.0.0.1 /index.php/Home/Product/addbaojiandan_bgd.html
INFO: [ app_init ] --START--
INFO: Run Behavior\BuildLiteBehavior [ RunTime:0.000000s ]
INFO: [ app_init ] --END-- [ RunTime:0.001000s ]
INFO: [ app_begin ] --START--
INFO: Run Behavior\ReadHtmlCacheBehavior [ RunTime:0.001000s ]
INFO: [ app_begin ] --END-- [ RunTime:0.001000s ]
SQL: SHOW COLUMNS FROM `tb_order_supply` [ RunTime:0.1100s ]
SQL: INSERT INTO `tb_order_supply` (`ordercode`,`createdby`,`companyid`,`statusid`,`instime`,`updatetime`,`deliveryplace`,`deliverydate`,`comments`) VALUES ('2016100522117214','0','0','1','2016-10-05 22:11:29','2016-10-05 22:11:29','','','') [ RunTime:0.0940s ]
SQL: SHOW COLUMNS FROM `tb_detail_supply` [ RunTime:0.1290s ]
ERR: 1452:Cannot add or update a child row: a foreign key constraint fails (`qdm122976199_db`.`tb_detail_supply`, CONSTRAINT `tb_detail_supply_ibfk_2` FOREIGN KEY (`varietyid`) REFERENCES `tb_mm_variety` (`varietyid`))
 [ SQL语句 ] : INSERT INTO `tb_detail_supply` (`orderid`,`varietyid`,`gradeid`,`factoryid`,`specid`,`quantity`,`unitid`,`unitprice`,`claddingid`,`comments`,`instime`,`updatetime`) VALUES ('44','888','0','0','1','0','0','0','1','','2016-10-05 22:11:30','2016-10-05 22:11:30')
ERR: 1452:Cannot add or update a child row: a foreign key constraint fails (`qdm122976199_db`.`tb_detail_supply`, CONSTRAINT `tb_detail_supply_ibfk_2` FOREIGN KEY (`varietyid`) REFERENCES `tb_mm_variety` (`varietyid`))
 [ SQL语句 ] : INSERT INTO `tb_detail_supply` (`orderid`,`varietyid`,`gradeid`,`factoryid`,`specid`,`quantity`,`unitid`,`unitprice`,`claddingid`,`comments`,`instime`,`updatetime`) VALUES ('44','888','0','0','1','0','0','0','1','','2016-10-05 22:11:30','2016-10-05 22:11:30')

[ 2016-10-05T22:11:40+08:00 ] 127.0.0.1 /index.php/Home/User/purchaseadd.html
INFO: [ app_init ] --START--
INFO: Run Behavior\BuildLiteBehavior [ RunTime:0.000000s ]
INFO: [ app_init ] --END-- [ RunTime:0.001000s ]
INFO: [ app_begin ] --START--
INFO: Run Behavior\ReadHtmlCacheBehavior [ RunTime:0.001000s ]
INFO: [ app_begin ] --END-- [ RunTime:0.002000s ]
ERR: 非法操作:purchaseadd

[ 2016-10-05T22:13:05+08:00 ] 127.0.0.1 /index.php/Home/Product/baojiadanadd.html
INFO: [ app_init ] --START--
INFO: Run Behavior\BuildLiteBehavior [ RunTime:0.000000s ]
INFO: [ app_init ] --END-- [ RunTime:0.001000s ]
INFO: [ app_begin ] --START--
INFO: Run Behavior\ReadHtmlCacheBehavior [ RunTime:0.001000s ]
INFO: [ app_begin ] --END-- [ RunTime:0.001000s ]
SQL: SHOW COLUMNS FROM `tb_mm_variety` [ RunTime:0.1140s ]
SQL: SELECT `varietyid`,`varietyname` FROM `tb_mm_variety` WHERE ( delstatus=0 )  [ RunTime:0.0950s ]
SQL: SHOW COLUMNS FROM `tb_mm_grade` [ RunTime:0.1030s ]
SQL: select g.varietyid,v.varietyname,g.gradeid,g.gradename from tb_mm_grade g inner join tb_mm_variety v on g.varietyid=v.varietyid where g.delstatus=0 order by g.gradeid [ RunTime:0.1010s ]
SQL: SHOW COLUMNS FROM `tb_manufacturer` [ RunTime:0.0940s ]
SQL: SELECT `factoryid`,`factoryname` FROM `tb_manufacturer` WHERE ( delstatus=0 )  [ RunTime:0.0960s ]
SQL: SHOW COLUMNS FROM `tb_mm_specification` [ RunTime:0.1010s ]
SQL: SELECT `specid`,`specname` FROM `tb_mm_specification` WHERE ( delstatus=0 )  [ RunTime:0.0950s ]
SQL: SHOW COLUMNS FROM `tb_mm_claddingmaterial` [ RunTime:0.0930s ]
SQL: SELECT `claddingid`,`claddingname` FROM `tb_mm_claddingmaterial` WHERE ( delstatus=0 )  [ RunTime:0.0950s ]
INFO: [ view_parse ] --START--
INFO: [ template_filter ] --START--
INFO: Run Behavior\ContentReplaceBehavior [ RunTime:0.001000s ]
INFO: [ template_filter ] --END-- [ RunTime:0.001000s ]
INFO: Run Behavior\ParseTemplateBehavior [ RunTime:0.040003s ]
INFO: [ view_parse ] --END-- [ RunTime:0.041003s ]
INFO: [ view_filter ] --START--
INFO: Run Behavior\WriteHtmlCacheBehavior [ RunTime:0.001000s ]
INFO: [ view_filter ] --END-- [ RunTime:0.001000s ]
INFO: [ app_end ] --START--
INFO: Run Behavior\ShowPageTraceBehavior [ RunTime:0.002000s ]
INFO: [ app_end ] --END-- [ RunTime:0.002000s ]

[ 2016-10-05T22:13:11+08:00 ] 127.0.0.1 /index.php/Home/Purchase/purchaseadd.html
INFO: [ app_init ] --START--
INFO: Run Behavior\BuildLiteBehavior [ RunTime:0.000000s ]
INFO: [ app_init ] --END-- [ RunTime:0.001000s ]
INFO: [ app_begin ] --START--
INFO: Run Behavior\ReadHtmlCacheBehavior [ RunTime:0.001000s ]
INFO: [ app_begin ] --END-- [ RunTime:0.001000s ]
SQL: SHOW COLUMNS FROM `tb_mm_variety` [ RunTime:0.1990s ]
SQL: SELECT `varietyid`,`varietyname` FROM `tb_mm_variety` WHERE ( delstatus=0 )  [ RunTime:0.2100s ]
SQL: SHOW COLUMNS FROM `tb_mm_grade` [ RunTime:0.1970s ]
SQL: select g.varietyid,v.varietyname,g.gradeid,g.gradename from tb_mm_grade g inner join tb_mm_variety v on g.varietyid=v.varietyid where g.delstatus=0 order by g.gradeid [ RunTime:0.0880s ]
SQL: SHOW COLUMNS FROM `tb_manufacturer` [ RunTime:0.1290s ]
SQL: SELECT `factoryid`,`factoryname` FROM `tb_manufacturer` WHERE ( delstatus=0 )  [ RunTime:0.0860s ]
SQL: SHOW COLUMNS FROM `tb_mm_specification` [ RunTime:0.0950s ]
SQL: SELECT `specid`,`specname` FROM `tb_mm_specification` WHERE ( delstatus=0 )  [ RunTime:0.0870s ]
SQL: SHOW COLUMNS FROM `tb_mm_claddingmaterial` [ RunTime:0.3240s ]
SQL: SELECT `claddingid`,`claddingname` FROM `tb_mm_claddingmaterial` WHERE ( delstatus=0 )  [ RunTime:0.4130s ]
INFO: [ view_parse ] --START--
INFO: [ template_filter ] --START--
INFO: Run Behavior\ContentReplaceBehavior [ RunTime:0.000000s ]
INFO: [ template_filter ] --END-- [ RunTime:0.001000s ]
INFO: Run Behavior\ParseTemplateBehavior [ RunTime:0.035002s ]
INFO: [ view_parse ] --END-- [ RunTime:0.035002s ]
INFO: [ view_filter ] --START--
INFO: Run Behavior\WriteHtmlCacheBehavior [ RunTime:0.001000s ]
INFO: [ view_filter ] --END-- [ RunTime:0.002000s ]
INFO: [ app_end ] --START--
INFO: Run Behavior\ShowPageTraceBehavior [ RunTime:0.002000s ]
INFO: [ app_end ] --END-- [ RunTime:0.002000s ]

[ 2016-10-05T22:16:13+08:00 ] 127.0.0.1 /index.php/Home/Purchase/purchaseadd.html
INFO: [ app_init ] --START--
INFO: Run Behavior\BuildLiteBehavior [ RunTime:0.000000s ]
INFO: [ app_init ] --END-- [ RunTime:0.001000s ]
INFO: [ app_begin ] --START--
INFO: Run Behavior\ReadHtmlCacheBehavior [ RunTime:0.002001s ]
INFO: [ app_begin ] --END-- [ RunTime:0.003001s ]
SQL: SHOW COLUMNS FROM `tb_mm_variety` [ RunTime:0.1630s ]
SQL: SELECT `varietyid`,`varietyname` FROM `tb_mm_variety` WHERE ( delstatus=0 )  [ RunTime:0.0750s ]
SQL: SHOW COLUMNS FROM `tb_mm_grade` [ RunTime:0.1280s ]
SQL: select g.varietyid,v.varietyname,g.gradeid,g.gradename from tb_mm_grade g inner join tb_mm_variety v on g.varietyid=v.varietyid where g.delstatus=0 order by g.gradeid [ RunTime:0.1060s ]
SQL: SHOW COLUMNS FROM `tb_manufacturer` [ RunTime:0.0930s ]
SQL: SELECT `factoryid`,`factoryname` FROM `tb_manufacturer` WHERE ( delstatus=0 )  [ RunTime:0.1380s ]
SQL: SHOW COLUMNS FROM `tb_mm_specification` [ RunTime:0.1350s ]
SQL: SELECT `specid`,`specname` FROM `tb_mm_specification` WHERE ( delstatus=0 )  [ RunTime:0.1370s ]
SQL: SHOW COLUMNS FROM `tb_mm_claddingmaterial` [ RunTime:0.0880s ]
SQL: SELECT `claddingid`,`claddingname` FROM `tb_mm_claddingmaterial` WHERE ( delstatus=0 )  [ RunTime:0.0900s ]
INFO: [ view_parse ] --START--
INFO: [ template_filter ] --START--
INFO: Run Behavior\ContentReplaceBehavior [ RunTime:0.001000s ]
INFO: [ template_filter ] --END-- [ RunTime:0.003000s ]
INFO: Run Behavior\ParseTemplateBehavior [ RunTime:0.045002s ]
INFO: [ view_parse ] --END-- [ RunTime:0.046002s ]
INFO: [ view_filter ] --START--
INFO: Run Behavior\WriteHtmlCacheBehavior [ RunTime:0.001000s ]
INFO: [ view_filter ] --END-- [ RunTime:0.001000s ]
INFO: [ app_end ] --START--
INFO: Run Behavior\ShowPageTraceBehavior [ RunTime:0.001001s ]
INFO: [ app_end ] --END-- [ RunTime:0.001001s ]

[ 2016-10-05T22:16:22+08:00 ] 127.0.0.1 /index.php/Home/Product/baojiadanadd.html
INFO: [ app_init ] --START--
INFO: Run Behavior\BuildLiteBehavior [ RunTime:0.000000s ]
INFO: [ app_init ] --END-- [ RunTime:0.001000s ]
INFO: [ app_begin ] --START--
INFO: Run Behavior\ReadHtmlCacheBehavior [ RunTime:0.001000s ]
INFO: [ app_begin ] --END-- [ RunTime:0.001000s ]
SQL: SHOW COLUMNS FROM `tb_mm_variety` [ RunTime:0.1010s ]
SQL: SELECT `varietyid`,`varietyname` FROM `tb_mm_variety` WHERE ( delstatus=0 )  [ RunTime:0.1380s ]
SQL: SHOW COLUMNS FROM `tb_mm_grade` [ RunTime:0.1350s ]
SQL: select g.varietyid,v.varietyname,g.gradeid,g.gradename from tb_mm_grade g inner join tb_mm_variety v on g.varietyid=v.varietyid where g.delstatus=0 order by g.gradeid [ RunTime:0.0910s ]
SQL: SHOW COLUMNS FROM `tb_manufacturer` [ RunTime:0.1340s ]
SQL: SELECT `factoryid`,`factoryname` FROM `tb_manufacturer` WHERE ( delstatus=0 )  [ RunTime:0.0920s ]
SQL: SHOW COLUMNS FROM `tb_mm_specification` [ RunTime:0.0890s ]
SQL: SELECT `specid`,`specname` FROM `tb_mm_specification` WHERE ( delstatus=0 )  [ RunTime:0.1120s ]
SQL: SHOW COLUMNS FROM `tb_mm_claddingmaterial` [ RunTime:0.0880s ]
SQL: SELECT `claddingid`,`claddingname` FROM `tb_mm_claddingmaterial` WHERE ( delstatus=0 )  [ RunTime:0.0900s ]
INFO: [ view_parse ] --START--
INFO: [ template_filter ] --START--
INFO: Run Behavior\ContentReplaceBehavior [ RunTime:0.001000s ]
INFO: [ template_filter ] --END-- [ RunTime:0.001000s ]
INFO: Run Behavior\ParseTemplateBehavior [ RunTime:0.034002s ]
INFO: [ view_parse ] --END-- [ RunTime:0.034002s ]
INFO: [ view_filter ] --START--
INFO: Run Behavior\WriteHtmlCacheBehavior [ RunTime:0.001000s ]
INFO: [ view_filter ] --END-- [ RunTime:0.001000s ]
INFO: [ app_end ] --START--
INFO: Run Behavior\ShowPageTraceBehavior [ RunTime:0.002000s ]
INFO: [ app_end ] --END-- [ RunTime:0.002000s ]

[ 2016-10-05T22:16:30+08:00 ] 127.0.0.1 /index.php/Home/Purchase/purchaseadd.html
INFO: [ app_init ] --START--
INFO: Run Behavior\BuildLiteBehavior [ RunTime:0.000000s ]
INFO: [ app_init ] --END-- [ RunTime:0.000000s ]
INFO: [ app_begin ] --START--
INFO: Run Behavior\ReadHtmlCacheBehavior [ RunTime:0.001000s ]
INFO: [ app_begin ] --END-- [ RunTime:0.001000s ]
SQL: SHOW COLUMNS FROM `tb_mm_variety` [ RunTime:0.0660s ]
SQL: SELECT `varietyid`,`varietyname` FROM `tb_mm_variety` WHERE ( delstatus=0 )  [ RunTime:0.0650s ]
SQL: SHOW COLUMNS FROM `tb_mm_grade` [ RunTime:0.3310s ]
SQL: select g.varietyid,v.varietyname,g.gradeid,g.gradename from tb_mm_grade g inner join tb_mm_variety v on g.varietyid=v.varietyid where g.delstatus=0 order by g.gradeid [ RunTime:0.2050s ]
SQL: SHOW COLUMNS FROM `tb_manufacturer` [ RunTime:0.2050s ]
SQL: SELECT `factoryid`,`factoryname` FROM `tb_manufacturer` WHERE ( delstatus=0 )  [ RunTime:0.2000s ]
SQL: SHOW COLUMNS FROM `tb_mm_specification` [ RunTime:0.2170s ]
SQL: SELECT `specid`,`specname` FROM `tb_mm_specification` WHERE ( delstatus=0 )  [ RunTime:0.0900s ]
SQL: SHOW COLUMNS FROM `tb_mm_claddingmaterial` [ RunTime:0.0850s ]
SQL: SELECT `claddingid`,`claddingname` FROM `tb_mm_claddingmaterial` WHERE ( delstatus=0 )  [ RunTime:0.0910s ]
INFO: [ view_parse ] --START--
INFO: [ template_filter ] --START--
INFO: Run Behavior\ContentReplaceBehavior [ RunTime:0.001000s ]
INFO: [ template_filter ] --END-- [ RunTime:0.001000s ]
INFO: Run Behavior\ParseTemplateBehavior [ RunTime:0.035002s ]
INFO: [ view_parse ] --END-- [ RunTime:0.035002s ]
INFO: [ view_filter ] --START--
INFO: Run Behavior\WriteHtmlCacheBehavior [ RunTime:0.001000s ]
INFO: [ view_filter ] --END-- [ RunTime:0.001000s ]
INFO: [ app_end ] --START--
INFO: Run Behavior\ShowPageTraceBehavior [ RunTime:0.002000s ]
INFO: [ app_end ] --END-- [ RunTime:0.002000s ]

[ 2016-10-05T22:16:41+08:00 ] 127.0.0.1 /index.php/Home/Purchase/purchaseadd_bgd.html
INFO: [ app_init ] --START--
INFO: Run Behavior\BuildLiteBehavior [ RunTime:0.000000s ]
INFO: [ app_init ] --END-- [ RunTime:0.000000s ]
INFO: [ app_begin ] --START--
INFO: Run Behavior\ReadHtmlCacheBehavior [ RunTime:0.001000s ]
INFO: [ app_begin ] --END-- [ RunTime:0.001000s ]
INFO: [ app_end ] --START--
INFO: Run Behavior\ShowPageTraceBehavior [ RunTime:0.001000s ]
INFO: [ app_end ] --END-- [ RunTime:0.002000s ]

[ 2016-10-05T22:21:54+08:00 ] 127.0.0.1 /index.php/Home/Purchase/purchaseadd.html
INFO: [ app_init ] --START--
INFO: Run Behavior\BuildLiteBehavior [ RunTime:0.000000s ]
INFO: [ app_init ] --END-- [ RunTime:0.000000s ]
INFO: [ app_begin ] --START--
INFO: Run Behavior\ReadHtmlCacheBehavior [ RunTime:0.001000s ]
INFO: [ app_begin ] --END-- [ RunTime:0.001000s ]
SQL: SHOW COLUMNS FROM `tb_mm_variety` [ RunTime:0.0660s ]
SQL: SELECT `varietyid`,`varietyname` FROM `tb_mm_variety` WHERE ( delstatus=0 )  [ RunTime:0.0830s ]
SQL: SHOW COLUMNS FROM `tb_mm_grade` [ RunTime:0.0680s ]
SQL: select g.varietyid,v.varietyname,g.gradeid,g.gradename from tb_mm_grade g inner join tb_mm_variety v on g.varietyid=v.varietyid where g.delstatus=0 order by g.gradeid [ RunTime:0.0670s ]
SQL: SHOW COLUMNS FROM `tb_manufacturer` [ RunTime:0.0950s ]
SQL: SELECT `factoryid`,`factoryname` FROM `tb_manufacturer` WHERE ( delstatus=0 )  [ RunTime:0.0630s ]
SQL: SHOW COLUMNS FROM `tb_mm_specification` [ RunTime:0.0680s ]
SQL: SELECT `specid`,`specname` FROM `tb_mm_specification` WHERE ( delstatus=0 )  [ RunTime:0.0680s ]
SQL: SHOW COLUMNS FROM `tb_mm_claddingmaterial` [ RunTime:0.0700s ]
SQL: SELECT `claddingid`,`claddingname` FROM `tb_mm_claddingmaterial` WHERE ( delstatus=0 )  [ RunTime:0.0870s ]
INFO: [ view_parse ] --START--
INFO: [ template_filter ] --START--
INFO: Run Behavior\ContentReplaceBehavior [ RunTime:0.000000s ]
INFO: [ template_filter ] --END-- [ RunTime:0.001000s ]
INFO: Run Behavior\ParseTemplateBehavior [ RunTime:0.042002s ]
INFO: [ view_parse ] --END-- [ RunTime:0.043002s ]
INFO: [ view_filter ] --START--
INFO: Run Behavior\WriteHtmlCacheBehavior [ RunTime:0.000000s ]
INFO: [ view_filter ] --END-- [ RunTime:0.000000s ]
INFO: [ app_end ] --START--
INFO: Run Behavior\ShowPageTraceBehavior [ RunTime:0.000000s ]
INFO: [ app_end ] --END-- [ RunTime:0.000000s ]

[ 2016-10-05T22:22:04+08:00 ] 127.0.0.1 /index.php/Home/Purchase/purchaseadd_bgd.html
INFO: [ app_init ] --START--
INFO: Run Behavior\BuildLiteBehavior [ RunTime:0.000000s ]
INFO: [ app_init ] --END-- [ RunTime:0.001000s ]
INFO: [ app_begin ] --START--
INFO: Run Behavior\ReadHtmlCacheBehavior [ RunTime:0.000000s ]
INFO: [ app_begin ] --END-- [ RunTime:0.001000s ]
INFO: [ app_end ] --START--
INFO: Run Behavior\ShowPageTraceBehavior [ RunTime:0.000000s ]
INFO: [ app_end ] --END-- [ RunTime:0.001000s ]

[ 2016-10-05T22:22:27+08:00 ] 127.0.0.1 /index.php/Home/Purchase/purchaseadd_bgd.html
INFO: [ app_init ] --START--
INFO: Run Behavior\BuildLiteBehavior [ RunTime:0.000000s ]
INFO: [ app_init ] --END-- [ RunTime:0.000000s ]
INFO: [ app_begin ] --START--
INFO: Run Behavior\ReadHtmlCacheBehavior [ RunTime:0.001000s ]
INFO: [ app_begin ] --END-- [ RunTime:0.001000s ]
INFO: [ app_end ] --START--
INFO: Run Behavior\ShowPageTraceBehavior [ RunTime:0.001000s ]
INFO: [ app_end ] --END-- [ RunTime:0.001000s ]

