[ 2016-10-06T10:11:17+08:00 ] ::1 /51ccnew/index.php/wpa.qq.com/pa@p=2_3A3115678895_3A51
INFO: [ app_init ] --START--
INFO: Run Behavior\BuildLiteBehavior [ RunTime:0.000000s ]
INFO: [ app_init ] --END-- [ RunTime:0.000000s ]
ERR: 无法加载模块:Wpa.qq.com

[ 2016-10-06T10:12:03+08:00 ] ::1 /51ccnew/index.php/wpa.qq.com/pa@p=2_3A3115678895_3A51
INFO: [ app_init ] --START--
INFO: Run Behavior\BuildLiteBehavior [ RunTime:0.000000s ]
INFO: [ app_init ] --END-- [ RunTime:0.001001s ]
ERR: 无法加载模块:Wpa.qq.com

[ 2016-10-06T10:12:10+08:00 ] ::1 /51ccnew/index.php/wpa.qq.com/pa@p=2_3A3115678895_3A51
INFO: [ app_init ] --START--
INFO: Run Behavior\BuildLiteBehavior [ RunTime:0.000000s ]
INFO: [ app_init ] --END-- [ RunTime:0.001000s ]
ERR: 无法加载模块:Wpa.qq.com

[ 2016-10-06T10:12:44+08:00 ] ::1 /51ccnew/index.php/wpa.qq.com/pa@p=2_3A3115678895_3A51
INFO: [ app_init ] --START--
INFO: Run Behavior\BuildLiteBehavior [ RunTime:0.000000s ]
INFO: [ app_init ] --END-- [ RunTime:0.000000s ]
ERR: 无法加载模块:Wpa.qq.com

[ 2016-10-06T10:12:44+08:00 ] ::1 /51ccnew/index.php/wpa.qq.com/pa@p=2_3A3115678895_3A51
INFO: [ app_init ] --START--
INFO: Run Behavior\BuildLiteBehavior [ RunTime:0.000000s ]
INFO: [ app_init ] --END-- [ RunTime:0.000000s ]
ERR: 无法加载模块:Wpa.qq.com

[ 2016-10-06T10:12:47+08:00 ] ::1 /51ccnew/index.php/wpa.qq.com/pa@p=1_3A1647459768_3A17
INFO: [ app_init ] --START--
INFO: Run Behavior\BuildLiteBehavior [ RunTime:0.000000s ]
INFO: [ app_init ] --END-- [ RunTime:0.000000s ]
ERR: 无法加载模块:Wpa.qq.com

[ 2016-10-06T10:13:07+08:00 ] ::1 /51ccnew/index.php/wpa.qq.com/pa@p=1_3A1647459768_3A17
INFO: [ app_init ] --START--
INFO: Run Behavior\BuildLiteBehavior [ RunTime:0.000000s ]
INFO: [ app_init ] --END-- [ RunTime:0.001000s ]
ERR: 无法加载模块:Wpa.qq.com

[ 2016-10-06T10:13:07+08:00 ] ::1 /51ccnew/index.php/wpa.qq.com/pa@p=1_3A1647459768_3A17
INFO: [ app_init ] --START--
INFO: Run Behavior\BuildLiteBehavior [ RunTime:0.000000s ]
INFO: [ app_init ] --END-- [ RunTime:0.000000s ]
ERR: 无法加载模块:Wpa.qq.com

[ 2016-10-06T10:13:19+08:00 ] ::1 /51ccnew/Public/pc/upload/news/201608/38da7e1e-b816-42d9-8fde-664ef47bac6f.jpg
INFO: [ app_init ] --START--
INFO: Run Behavior\BuildLiteBehavior [ RunTime:0.000000s ]
INFO: [ app_init ] --END-- [ RunTime:0.001000s ]
ERR: 无法加载模块:Public

[ 2016-10-06T10:13:19+08:00 ] ::1 /51ccnew/Public/pc/upload/news/201608/38da7e1e-b816-42d9-8fde-664ef47bac6f.jpg
INFO: [ app_init ] --START--
INFO: Run Behavior\BuildLiteBehavior [ RunTime:0.000000s ]
INFO: [ app_init ] --END-- [ RunTime:0.001000s ]
ERR: 无法加载模块:Public

[ 2016-10-06T10:13:33+08:00 ] ::1 /51ccnew/Public/pc/upload/news/201608/38da7e1e-b816-42d9-8fde-664ef47bac6f.jpg
INFO: [ app_init ] --START--
INFO: Run Behavior\BuildLiteBehavior [ RunTime:0.001000s ]
INFO: [ app_init ] --END-- [ RunTime:0.001000s ]
ERR: 无法加载模块:Public

[ 2016-10-06T10:13:33+08:00 ] ::1 /51ccnew/Public/pc/upload/news/201608/38da7e1e-b816-42d9-8fde-664ef47bac6f.jpg
INFO: [ app_init ] --START--
INFO: Run Behavior\BuildLiteBehavior [ RunTime:0.000000s ]
INFO: [ app_init ] --END-- [ RunTime:0.002000s ]
ERR: 无法加载模块:Public

[ 2016-10-06T10:13:37+08:00 ] ::1 /51ccnew/Public/pc/upload/news/201608/38da7e1e-b816-42d9-8fde-664ef47bac6f.jpg
INFO: [ app_init ] --START--
INFO: Run Behavior\BuildLiteBehavior [ RunTime:0.000000s ]
INFO: [ app_init ] --END-- [ RunTime:0.001000s ]
ERR: 无法加载模块:Public

[ 2016-10-06T10:13:37+08:00 ] ::1 /51ccnew/Public/pc/upload/news/201608/38da7e1e-b816-42d9-8fde-664ef47bac6f.jpg
INFO: [ app_init ] --START--
INFO: Run Behavior\BuildLiteBehavior [ RunTime:0.000000s ]
INFO: [ app_init ] --END-- [ RunTime:0.001000s ]
ERR: 无法加载模块:Public

[ 2016-10-06T10:13:48+08:00 ] ::1 /51ccnew/Public/pca/image/jr/home/code.jpg@v=20160422
INFO: [ app_init ] --START--
INFO: Run Behavior\BuildLiteBehavior [ RunTime:0.000000s ]
INFO: [ app_init ] --END-- [ RunTime:0.000000s ]
ERR: 无法加载模块:Public

[ 2016-10-06T10:13:52+08:00 ] ::1 /51ccnew/Public/pca/image/jr/home/code.jpg@v=20160422
INFO: [ app_init ] --START--
INFO: Run Behavior\BuildLiteBehavior [ RunTime:0.000000s ]
INFO: [ app_init ] --END-- [ RunTime:0.000000s ]
ERR: 无法加载模块:Public

[ 2016-10-06T10:13:59+08:00 ] ::1 /51ccnew/Public/pc/plugin/layer-v2.2/layer/skin/layer.css
INFO: [ app_init ] --START--
INFO: Run Behavior\BuildLiteBehavior [ RunTime:0.000000s ]
INFO: [ app_init ] --END-- [ RunTime:0.000000s ]
ERR: 无法加载模块:Public

[ 2016-10-06T10:14:12+08:00 ] ::1 /51ccnew/Public/pc/plugin/layer-v2.2/layer/skin/layer.css
INFO: [ app_init ] --START--
INFO: Run Behavior\BuildLiteBehavior [ RunTime:0.000000s ]
INFO: [ app_init ] --END-- [ RunTime:0.000000s ]
ERR: 无法加载模块:Public

