[ 2016-10-07T18:19:09+08:00 ] 127.0.0.1 /index.php/wpa.qq.com/pa@p=2_3A3115678895_3A51
INFO: [ app_init ] --START--
INFO: Run Behavior\BuildLiteBehavior [ RunTime:0.000000s ]
INFO: [ app_init ] --END-- [ RunTime:0.000000s ]
ERR: 无法加载模块:Wpa.qq.com

[ 2016-10-07T18:19:17+08:00 ] 127.0.0.1 /index.php/wpa.qq.com/pa@p=2_3A3115678895_3A51
INFO: [ app_init ] --START--
INFO: Run Behavior\BuildLiteBehavior [ RunTime:0.000000s ]
INFO: [ app_init ] --END-- [ RunTime:0.001000s ]
ERR: 无法加载模块:Wpa.qq.com

[ 2016-10-07T18:19:17+08:00 ] 127.0.0.1 /index.php/wpa.qq.com/pa@p=2_3A3115678895_3A51
INFO: [ app_init ] --START--
INFO: Run Behavior\BuildLiteBehavior [ RunTime:0.000000s ]
INFO: [ app_init ] --END-- [ RunTime:0.000000s ]
ERR: 无法加载模块:Wpa.qq.com

[ 2016-10-07T18:19:21+08:00 ] 127.0.0.1 /index.php/wpa.qq.com/pa@p=1_3A1647459768_3A17
INFO: [ app_init ] --START--
INFO: Run Behavior\BuildLiteBehavior [ RunTime:0.000000s ]
INFO: [ app_init ] --END-- [ RunTime:0.001000s ]
ERR: 无法加载模块:Wpa.qq.com

[ 2016-10-07T18:19:22+08:00 ] 127.0.0.1 /index.php/wpa.qq.com/pa@p=1_3A1647459768_3A17
INFO: [ app_init ] --START--
INFO: Run Behavior\BuildLiteBehavior [ RunTime:0.000000s ]
INFO: [ app_init ] --END-- [ RunTime:0.001000s ]
ERR: 无法加载模块:Wpa.qq.com

[ 2016-10-07T19:29:21+08:00 ] ::1 /51ccnew/Public/pc/image/member/icon05.png
INFO: [ app_init ] --START--
INFO: Run Behavior\BuildLiteBehavior [ RunTime:0.000000s ]
INFO: [ app_init ] --END-- [ RunTime:0.000000s ]
ERR: 无法加载模块:Public

[ 2016-10-07T19:35:53+08:00 ] ::1 /51ccnew/Public/pc/image/member/icon05.png
INFO: [ app_init ] --START--
INFO: Run Behavior\BuildLiteBehavior [ RunTime:0.000000s ]
INFO: [ app_init ] --END-- [ RunTime:0.000000s ]
ERR: 无法加载模块:Public

[ 2016-10-07T19:37:45+08:00 ] ::1 /51ccnew/Public/pc/image/member/icon05.png
INFO: [ app_init ] --START--
INFO: Run Behavior\BuildLiteBehavior [ RunTime:0.000000s ]
INFO: [ app_init ] --END-- [ RunTime:0.001000s ]
ERR: 无法加载模块:Public

